Now listening on: http://localhost:8081
Application started. Press CMD+C to shut down.
[INFO] 2019/08/02 09:10 301 472.741µs ::1 GET / Mozilla/5.0 (Macintosh; Intel Mac OS X 10_14_5) AppleWebKit/537.36 (KHTML, like Gecko) Chrome/75.0.3770.142 Safari/537.36
[INFO] 2019/08/02 09:10 200 418.07µs ::1 GET /login Mozilla/5.0 (Macintosh; Intel Mac OS X 10_14_5) AppleWebKit/537.36 (KHTML, like Gecko) Chrome/75.0.3770.142 Safari/537.36
[INFO] 2019/08/02 09:10 304 226.061µs ::1 GET /images/loading.gif Mozilla/5.0 (Macintosh; Intel Mac OS X 10_14_5) AppleWebKit/537.36 (KHTML, like Gecko) Chrome/75.0.3770.142 Safari/537.36
[INFO] 2019/08/02 09:10 200 121.242µs ::1 POST /api/login Mozilla/5.0 (Macintosh; Intel Mac OS X 10_14_5) AppleWebKit/537.36 (KHTML, like Gecko) Chrome/75.0.3770.142 Safari/537.36
[INFO] 2019/08/02 09:10 301 52.676µs ::1 GET /login Mozilla/5.0 (Macintosh; Intel Mac OS X 10_14_5) AppleWebKit/537.36 (KHTML, like Gecko) Chrome/75.0.3770.142 Safari/537.36
[INFO] 2019/08/02 09:10 301 61.435µs ::1 GET /login Mozilla/5.0 (Macintosh; Intel Mac OS X 10_14_5) AppleWebKit/537.36 (KHTML, like Gecko) Chrome/75.0.3770.142 Safari/537.36
[INFO] 2019/08/02 09:10 200 80.817µs ::1 GET / Mozilla/5.0 (Macintosh; Intel Mac OS X 10_14_5) AppleWebKit/537.36 (KHTML, like Gecko) Chrome/75.0.3770.142 Safari/537.36
[INFO] 2019/08/02 09:10 304 134.378µs ::1 GET /images/loading.gif Mozilla/5.0 (Macintosh; Intel Mac OS X 10_14_5) AppleWebKit/537.36 (KHTML, like Gecko) Chrome/75.0.3770.142 Safari/537.36
[INFO] 2019/08/02 09:10 200 3.558812157s ::1 GET /api/tag_list/kuaiyong Mozilla/5.0 (Macintosh; Intel Mac OS X 10_14_5) AppleWebKit/537.36 (KHTML, like Gecko) Chrome/75.0.3770.142 Safari/537.36
[INFO] 2019/08/02 09:10 200 132.851µs ::1 GET / Mozilla/5.0 (Macintosh; Intel Mac OS X 10_14_5) AppleWebKit/537.36 (KHTML, like Gecko) Chrome/75.0.3770.142 Safari/537.36
[INFO] 2019/08/02 09:10 304 249.858µs ::1 GET /images/loading.gif Mozilla/5.0 (Macintosh; Intel Mac OS X 10_14_5) AppleWebKit/537.36 (KHTML, like Gecko) Chrome/75.0.3770.142 Safari/537.36
[INFO] 2019/08/02 09:10 200 2.638660764s ::1 GET /api/tag_list/kuaiyong Mozilla/5.0 (Macintosh; Intel Mac OS X 10_14_5) AppleWebKit/537.36 (KHTML, like Gecko) Chrome/75.0.3770.142 Safari/537.36
[INFO] 2019/08/02 09:11 200 1.152302ms ::1 GET /images/loading.gif Mozilla/5.0 (Macintosh; Intel Mac OS X 10_14_5) AppleWebKit/537.36 (KHTML, like Gecko) Chrome/75.0.3770.142 Safari/537.36
[INFO] 2019/08/02 09:11 200 426.413907ms ::1 GET /api/tag_list/gameweb Mozilla/5.0 (Macintosh; Intel Mac OS X 10_14_5) AppleWebKit/537.36 (KHTML, like Gecko) Chrome/75.0.3770.142 Safari/537.36
[INFO] 2019/08/02 09:11 200 384.85µs ::1 GET /images/loading.gif Mozilla/5.0 (Macintosh; Intel Mac OS X 10_14_5) AppleWebKit/537.36 (KHTML, like Gecko) Chrome/75.0.3770.142 Safari/537.36
[INFO] 2019/08/02 09:11 200 348.842618ms ::1 GET /api/tag_list/gameadmin Mozilla/5.0 (Macintosh; Intel Mac OS X 10_14_5) AppleWebKit/537.36 (KHTML, like Gecko) Chrome/75.0.3770.142 Safari/537.36
[INFO] 2019/08/02 09:11 200 4.263451ms ::1 GET /images/loading.gif Mozilla/5.0 (Macintosh; Intel Mac OS X 10_14_5) AppleWebKit/537.36 (KHTML, like Gecko) Chrome/75.0.3770.142 Safari/537.36
[INFO] 2019/08/02 09:11 200 2.54785907s ::1 GET /api/tag_list/kuaiyong Mozilla/5.0 (Macintosh; Intel Mac OS X 10_14_5) AppleWebKit/537.36 (KHTML, like Gecko) Chrome/75.0.3770.142 Safari/537.36
[ERRO] 2019/08/02 09:12 http: Server closed
Now listening on: http://localhost:8081
Application started. Press CMD+C to shut down.
[INFO] 2019/08/02 09:12 301 709.025µs ::1 GET / Mozilla/5.0 (Macintosh; Intel Mac OS X 10_14_5) AppleWebKit/537.36 (KHTML, like Gecko) Chrome/75.0.3770.142 Safari/537.36
[INFO] 2019/08/02 09:12 200 211.733µs ::1 GET /login Mozilla/5.0 (Macintosh; Intel Mac OS X 10_14_5) AppleWebKit/537.36 (KHTML, like Gecko) Chrome/75.0.3770.142 Safari/537.36
[INFO] 2019/08/02 09:12 200 3.311134ms ::1 GET /images/loading.gif Mozilla/5.0 (Macintosh; Intel Mac OS X 10_14_5) AppleWebKit/537.36 (KHTML, like Gecko) Chrome/75.0.3770.142 Safari/537.36
[INFO] 2019/08/02 09:12 200 168.304µs ::1 POST /api/login Mozilla/5.0 (Macintosh; Intel Mac OS X 10_14_5) AppleWebKit/537.36 (KHTML, like Gecko) Chrome/75.0.3770.142 Safari/537.36
[INFO] 2019/08/02 09:12 200 3.468677ms ::1 GET /images/loading.gif Mozilla/5.0 (Macintosh; Intel Mac OS X 10_14_5) AppleWebKit/537.36 (KHTML, like Gecko) Chrome/75.0.3770.142 Safari/537.36
[INFO] 2019/08/02 09:12 200 130.265µs ::1 GET / Mozilla/5.0 (Macintosh; Intel Mac OS X 10_14_5) AppleWebKit/537.36 (KHTML, like Gecko) Chrome/75.0.3770.142 Safari/537.36
[INFO] 2019/08/02 09:12 200 195.132µs ::1 GET /images/loading.gif Mozilla/5.0 (Macintosh; Intel Mac OS X 10_14_5) AppleWebKit/537.36 (KHTML, like Gecko) Chrome/75.0.3770.142 Safari/537.36
[INFO] 2019/08/02 09:12 304 135.16µs ::1 GET /images/loading.gif Mozilla/5.0 (Macintosh; Intel Mac OS X 10_14_5) AppleWebKit/537.36 (KHTML, like Gecko) Chrome/75.0.3770.142 Safari/537.36
[INFO] 2019/08/02 09:12 200 5.783002001s ::1 GET /api/tag_list/kuaiyong Mozilla/5.0 (Macintosh; Intel Mac OS X 10_14_5) AppleWebKit/537.36 (KHTML, like Gecko) Chrome/75.0.3770.142 Safari/537.36
[INFO] 2019/08/02 09:13 301 45.691µs ::1 GET /logout Mozilla/5.0 (Macintosh; Intel Mac OS X 10_14_5) AppleWebKit/537.36 (KHTML, like Gecko) Chrome/75.0.3770.142 Safari/537.36
[INFO] 2019/08/02 09:13 200 72.01µs ::1 GET /login Mozilla/5.0 (Macintosh; Intel Mac OS X 10_14_5) AppleWebKit/537.36 (KHTML, like Gecko) Chrome/75.0.3770.142 Safari/537.36
[INFO] 2019/08/02 09:13 200 443.808µs ::1 GET /images/loading.gif Mozilla/5.0 (Macintosh; Intel Mac OS X 10_14_5) AppleWebKit/537.36 (KHTML, like Gecko) Chrome/75.0.3770.142 Safari/537.36
[INFO] 2019/08/02 09:13 200 50.494µs ::1 GET /login Mozilla/5.0 (Macintosh; Intel Mac OS X 10_14_5) AppleWebKit/537.36 (KHTML, like Gecko) Chrome/75.0.3770.142 Safari/537.36
[INFO] 2019/08/02 09:13 200 474.662µs ::1 GET /images/loading.gif Mozilla/5.0 (Macintosh; Intel Mac OS X 10_14_5) AppleWebKit/537.36 (KHTML, like Gecko) Chrome/75.0.3770.142 Safari/537.36
[INFO] 2019/08/02 09:13 200 44.907µs ::1 GET /login Mozilla/5.0 (Macintosh; Intel Mac OS X 10_14_5) AppleWebKit/537.36 (KHTML, like Gecko) Chrome/75.0.3770.142 Safari/537.36
[INFO] 2019/08/02 09:13 200 331.646µs ::1 GET /images/loading.gif Mozilla/5.0 (Macintosh; Intel Mac OS X 10_14_5) AppleWebKit/537.36 (KHTML, like Gecko) Chrome/75.0.3770.142 Safari/537.36
[INFO] 2019/08/02 09:13 200 143.04µs ::1 GET /login Mozilla/5.0 (Macintosh; Intel Mac OS X 10_14_5) AppleWebKit/537.36 (KHTML, like Gecko) Chrome/75.0.3770.142 Safari/537.36
[INFO] 2019/08/02 09:13 200 364.946µs ::1 GET /images/loading.gif Mozilla/5.0 (Macintosh; Intel Mac OS X 10_14_5) AppleWebKit/537.36 (KHTML, like Gecko) Chrome/75.0.3770.142 Safari/537.36
[INFO] 2019/08/02 09:13 200 42.144µs ::1 GET /login Mozilla/5.0 (Macintosh; Intel Mac OS X 10_14_5) AppleWebKit/537.36 (KHTML, like Gecko) Chrome/75.0.3770.142 Safari/537.36
[INFO] 2019/08/02 09:13 200 197.438µs ::1 GET /images/loading.gif Mozilla/5.0 (Macintosh; Intel Mac OS X 10_14_5) AppleWebKit/537.36 (KHTML, like Gecko) Chrome/75.0.3770.142 Safari/537.36
[INFO] 2019/08/02 09:13 200 56.404µs ::1 GET /login Mozilla/5.0 (Macintosh; Intel Mac OS X 10_14_5) AppleWebKit/537.36 (KHTML, like Gecko) Chrome/75.0.3770.142 Safari/537.36
[INFO] 2019/08/02 09:13 200 351.478µs ::1 GET /images/loading.gif Mozilla/5.0 (Macintosh; Intel Mac OS X 10_14_5) AppleWebKit/537.36 (KHTML, like Gecko) Chrome/75.0.3770.142 Safari/537.36
[INFO] 2019/08/02 09:13 200 169.411µs ::1 GET /login Mozilla/5.0 (Macintosh; Intel Mac OS X 10_14_5) AppleWebKit/537.36 (KHTML, like Gecko) Chrome/75.0.3770.142 Safari/537.36
[INFO] 2019/08/02 09:13 200 218.272µs ::1 GET /images/loading.gif Mozilla/5.0 (Macintosh; Intel Mac OS X 10_14_5) AppleWebKit/537.36 (KHTML, like Gecko) Chrome/75.0.3770.142 Safari/537.36
[INFO] 2019/08/02 09:13 200 35.216µs ::1 GET /login Mozilla/5.0 (Macintosh; Intel Mac OS X 10_14_5) AppleWebKit/537.36 (KHTML, like Gecko) Chrome/75.0.3770.142 Safari/537.36
[INFO] 2019/08/02 09:13 200 268.032µs ::1 GET /images/loading.gif Mozilla/5.0 (Macintosh; Intel Mac OS X 10_14_5) AppleWebKit/537.36 (KHTML, like Gecko) Chrome/75.0.3770.142 Safari/537.36
[INFO] 2019/08/02 09:13 200 61.118µs ::1 POST /api/login Mozilla/5.0 (Macintosh; Intel Mac OS X 10_14_5) AppleWebKit/537.36 (KHTML, like Gecko) Chrome/75.0.3770.142 Safari/537.36
[INFO] 2019/08/02 09:13 200 4.375211ms ::1 GET /images/loading.gif Mozilla/5.0 (Macintosh; Intel Mac OS X 10_14_5) AppleWebKit/537.36 (KHTML, like Gecko) Chrome/75.0.3770.142 Safari/537.36
[INFO] 2019/08/02 09:13 200 171.135µs ::1 GET / Mozilla/5.0 (Macintosh; Intel Mac OS X 10_14_5) AppleWebKit/537.36 (KHTML, like Gecko) Chrome/75.0.3770.142 Safari/537.36
[INFO] 2019/08/02 09:13 200 736.327µs ::1 GET /images/loading.gif Mozilla/5.0 (Macintosh; Intel Mac OS X 10_14_5) AppleWebKit/537.36 (KHTML, like Gecko) Chrome/75.0.3770.142 Safari/537.36
[INFO] 2019/08/02 09:13 200 3.898001092s ::1 GET /api/tag_list/kuaiyong Mozilla/5.0 (Macintosh; Intel Mac OS X 10_14_5) AppleWebKit/537.36 (KHTML, like Gecko) Chrome/75.0.3770.142 Safari/537.36
[INFO] 2019/08/02 09:15 301 38.224µs ::1 GET /logout Mozilla/5.0 (Macintosh; Intel Mac OS X 10_14_5) AppleWebKit/537.36 (KHTML, like Gecko) Chrome/75.0.3770.142 Safari/537.36
[INFO] 2019/08/02 09:15 200 54.75µs ::1 GET /login Mozilla/5.0 (Macintosh; Intel Mac OS X 10_14_5) AppleWebKit/537.36 (KHTML, like Gecko) Chrome/75.0.3770.142 Safari/537.36
[INFO] 2019/08/02 09:15 200 630.492µs ::1 GET /images/loading.gif Mozilla/5.0 (Macintosh; Intel Mac OS X 10_14_5) AppleWebKit/537.36 (KHTML, like Gecko) Chrome/75.0.3770.142 Safari/537.36
[INFO] 2019/08/02 09:15 200 77.448µs ::1 POST /api/login Mozilla/5.0 (Macintosh; Intel Mac OS X 10_14_5) AppleWebKit/537.36 (KHTML, like Gecko) Chrome/75.0.3770.142 Safari/537.36
[INFO] 2019/08/02 09:15 200 2.458687ms ::1 GET /images/loading.gif Mozilla/5.0 (Macintosh; Intel Mac OS X 10_14_5) AppleWebKit/537.36 (KHTML, like Gecko) Chrome/75.0.3770.142 Safari/537.36
[INFO] 2019/08/02 09:15 200 207.314µs ::1 GET / Mozilla/5.0 (Macintosh; Intel Mac OS X 10_14_5) AppleWebKit/537.36 (KHTML, like Gecko) Chrome/75.0.3770.142 Safari/537.36
[INFO] 2019/08/02 09:15 200 1.535238ms ::1 GET /images/loading.gif Mozilla/5.0 (Macintosh; Intel Mac OS X 10_14_5) AppleWebKit/537.36 (KHTML, like Gecko) Chrome/75.0.3770.142 Safari/537.36
[INFO] 2019/08/02 09:15 200 2.412447393s ::1 GET /api/tag_list/kuaiyong Mozilla/5.0 (Macintosh; Intel Mac OS X 10_14_5) AppleWebKit/537.36 (KHTML, like Gecko) Chrome/75.0.3770.142 Safari/537.36
[INFO] 2019/08/02 09:21 200 278.268µs ::1 GET / Mozilla/5.0 (Macintosh; Intel Mac OS X 10_14_5) AppleWebKit/537.36 (KHTML, like Gecko) Chrome/75.0.3770.142 Safari/537.36
[INFO] 2019/08/02 09:21 200 8.477402ms ::1 GET /images/loading.gif Mozilla/5.0 (Macintosh; Intel Mac OS X 10_14_5) AppleWebKit/537.36 (KHTML, like Gecko) Chrome/75.0.3770.142 Safari/537.36
[INFO] 2019/08/02 09:21 200 2.646371421s ::1 GET /api/tag_list/kuaiyong Mozilla/5.0 (Macintosh; Intel Mac OS X 10_14_5) AppleWebKit/537.36 (KHTML, like Gecko) Chrome/75.0.3770.142 Safari/537.36
[INFO] 2019/08/02 09:23 200 57.532µs ::1 GET /api/tag_list/kuaiyong Mozilla/5.0 (Macintosh; Intel Mac OS X 10_14_5) AppleWebKit/537.36 (KHTML, like Gecko) Chrome/75.0.3770.142 Safari/537.36
[INFO] 2019/08/02 09:23 200 17.838947ms ::1 GET /images/loading.gif Mozilla/5.0 (Macintosh; Intel Mac OS X 10_14_5) AppleWebKit/537.36 (KHTML, like Gecko) Chrome/75.0.3770.142 Safari/537.36
[INFO] 2019/08/02 09:23 200 12.491µs ::1 GET /api/create_tag/kuaiyong/fsdfdsf Mozilla/5.0 (Macintosh; Intel Mac OS X 10_14_5) AppleWebKit/537.36 (KHTML, like Gecko) Chrome/75.0.3770.142 Safari/537.36
[INFO] 2019/08/02 09:23 200 17.07322ms ::1 GET /images/loading.gif Mozilla/5.0 (Macintosh; Intel Mac OS X 10_14_5) AppleWebKit/537.36 (KHTML, like Gecko) Chrome/75.0.3770.142 Safari/537.36
[INFO] 2019/08/02 09:23 301 219.318µs ::1 GET / Mozilla/5.0 (Macintosh; Intel Mac OS X 10_14_5) AppleWebKit/537.36 (KHTML, like Gecko) Chrome/75.0.3770.142 Safari/537.36
[INFO] 2019/08/02 09:23 200 40.787µs ::1 GET /login Mozilla/5.0 (Macintosh; Intel Mac OS X 10_14_5) AppleWebKit/537.36 (KHTML, like Gecko) Chrome/75.0.3770.142 Safari/537.36
[INFO] 2019/08/02 09:23 200 226.749µs ::1 GET /images/loading.gif Mozilla/5.0 (Macintosh; Intel Mac OS X 10_14_5) AppleWebKit/537.36 (KHTML, like Gecko) Chrome/75.0.3770.142 Safari/537.36
[INFO] 2019/08/02 09:23 200 51.23µs ::1 POST /api/login Mozilla/5.0 (Macintosh; Intel Mac OS X 10_14_5) AppleWebKit/537.36 (KHTML, like Gecko) Chrome/75.0.3770.142 Safari/537.36
[INFO] 2019/08/02 09:23 200 272.12µs ::1 GET /images/loading.gif Mozilla/5.0 (Macintosh; Intel Mac OS X 10_14_5) AppleWebKit/537.36 (KHTML, like Gecko) Chrome/75.0.3770.142 Safari/537.36
[INFO] 2019/08/02 09:23 200 155.125µs ::1 GET / Mozilla/5.0 (Macintosh; Intel Mac OS X 10_14_5) AppleWebKit/537.36 (KHTML, like Gecko) Chrome/75.0.3770.142 Safari/537.36
[INFO] 2019/08/02 09:23 200 225.411µs ::1 GET /images/loading.gif Mozilla/5.0 (Macintosh; Intel Mac OS X 10_14_5) AppleWebKit/537.36 (KHTML, like Gecko) Chrome/75.0.3770.142 Safari/537.36
[INFO] 2019/08/02 09:23 304 592.811µs ::1 GET /images/loading.gif Mozilla/5.0 (Macintosh; Intel Mac OS X 10_14_5) AppleWebKit/537.36 (KHTML, like Gecko) Chrome/75.0.3770.142 Safari/537.36
[INFO] 2019/08/02 09:23 200 2.846745555s ::1 GET /api/tag_list/kuaiyong Mozilla/5.0 (Macintosh; Intel Mac OS X 10_14_5) AppleWebKit/537.36 (KHTML, like Gecko) Chrome/75.0.3770.142 Safari/537.36
[ERRO] 2019/08/02 09:26 http: Server closed
Now listening on: http://localhost:8081
Application started. Press CMD+C to shut down.
[INFO] 2019/08/02 09:26 301 751.356µs ::1 GET / Mozilla/5.0 (Macintosh; Intel Mac OS X 10_14_5) AppleWebKit/537.36 (KHTML, like Gecko) Chrome/75.0.3770.142 Safari/537.36
[INFO] 2019/08/02 09:26 200 261.719µs ::1 GET /login Mozilla/5.0 (Macintosh; Intel Mac OS X 10_14_5) AppleWebKit/537.36 (KHTML, like Gecko) Chrome/75.0.3770.142 Safari/537.36
[INFO] 2019/08/02 09:26 304 1.963627ms ::1 GET /images/loading.gif Mozilla/5.0 (Macintosh; Intel Mac OS X 10_14_5) AppleWebKit/537.36 (KHTML, like Gecko) Chrome/75.0.3770.142 Safari/537.36
[INFO] 2019/08/02 09:26 200 68.889µs ::1 POST /api/login Mozilla/5.0 (Macintosh; Intel Mac OS X 10_14_5) AppleWebKit/537.36 (KHTML, like Gecko) Chrome/75.0.3770.142 Safari/537.36
[INFO] 2019/08/02 09:26 200 52.197µs ::1 GET /login Mozilla/5.0 (Macintosh; Intel Mac OS X 10_14_5) AppleWebKit/537.36 (KHTML, like Gecko) Chrome/75.0.3770.142 Safari/537.36
[INFO] 2019/08/02 09:26 304 173.078µs ::1 GET /images/loading.gif Mozilla/5.0 (Macintosh; Intel Mac OS X 10_14_5) AppleWebKit/537.36 (KHTML, like Gecko) Chrome/75.0.3770.142 Safari/537.36
[INFO] 2019/08/02 09:26 200 81.088µs ::1 POST /api/login Mozilla/5.0 (Macintosh; Intel Mac OS X 10_14_5) AppleWebKit/537.36 (KHTML, like Gecko) Chrome/75.0.3770.142 Safari/537.36
[INFO] 2019/08/02 09:26 200 46.63µs ::1 GET /login Mozilla/5.0 (Macintosh; Intel Mac OS X 10_14_5) AppleWebKit/537.36 (KHTML, like Gecko) Chrome/75.0.3770.142 Safari/537.36
[INFO] 2019/08/02 09:26 304 320.268µs ::1 GET /images/loading.gif Mozilla/5.0 (Macintosh; Intel Mac OS X 10_14_5) AppleWebKit/537.36 (KHTML, like Gecko) Chrome/75.0.3770.142 Safari/537.36
[INFO] 2019/08/02 09:27 200 66.804µs ::1 POST /api/login Mozilla/5.0 (Macintosh; Intel Mac OS X 10_14_5) AppleWebKit/537.36 (KHTML, like Gecko) Chrome/75.0.3770.142 Safari/537.36
[INFO] 2019/08/02 09:27 200 922.217µs ::1 GET /images/loading.gif Mozilla/5.0 (Macintosh; Intel Mac OS X 10_14_5) AppleWebKit/537.36 (KHTML, like Gecko) Chrome/75.0.3770.142 Safari/537.36
[INFO] 2019/08/02 09:27 301 131.175µs ::1 GET / Mozilla/5.0 (Macintosh; Intel Mac OS X 10_14_5) AppleWebKit/537.36 (KHTML, like Gecko) Chrome/75.0.3770.142 Safari/537.36
[INFO] 2019/08/02 09:27 200 168.157µs ::1 GET /login Mozilla/5.0 (Macintosh; Intel Mac OS X 10_14_5) AppleWebKit/537.36 (KHTML, like Gecko) Chrome/75.0.3770.142 Safari/537.36
[INFO] 2019/08/02 09:27 200 224.123µs ::1 GET /images/loading.gif Mozilla/5.0 (Macintosh; Intel Mac OS X 10_14_5) AppleWebKit/537.36 (KHTML, like Gecko) Chrome/75.0.3770.142 Safari/537.36
[INFO] 2019/08/02 09:27 304 110.204µs ::1 GET /images/loading.gif Mozilla/5.0 (Macintosh; Intel Mac OS X 10_14_5) AppleWebKit/537.36 (KHTML, like Gecko) Chrome/75.0.3770.142 Safari/537.36
[INFO] 2019/08/02 09:27 200 44.899µs ::1 GET /login Mozilla/5.0 (Macintosh; Intel Mac OS X 10_14_5) AppleWebKit/537.36 (KHTML, like Gecko) Chrome/75.0.3770.142 Safari/537.36
[INFO] 2019/08/02 09:27 200 274.604µs ::1 GET /images/loading.gif Mozilla/5.0 (Macintosh; Intel Mac OS X 10_14_5) AppleWebKit/537.36 (KHTML, like Gecko) Chrome/75.0.3770.142 Safari/537.36
[INFO] 2019/08/02 09:28 200 60.493µs ::1 POST /api/login Mozilla/5.0 (Macintosh; Intel Mac OS X 10_14_5) AppleWebKit/537.36 (KHTML, like Gecko) Chrome/75.0.3770.142 Safari/537.36
[INFO] 2019/08/02 09:28 200 330.726µs ::1 GET /images/loading.gif Mozilla/5.0 (Macintosh; Intel Mac OS X 10_14_5) AppleWebKit/537.36 (KHTML, like Gecko) Chrome/75.0.3770.142 Safari/537.36
[INFO] 2019/08/02 09:28 301 126.858µs ::1 GET / Mozilla/5.0 (Macintosh; Intel Mac OS X 10_14_5) AppleWebKit/537.36 (KHTML, like Gecko) Chrome/75.0.3770.142 Safari/537.36
[INFO] 2019/08/02 09:28 200 34.41µs ::1 GET /login Mozilla/5.0 (Macintosh; Intel Mac OS X 10_14_5) AppleWebKit/537.36 (KHTML, like Gecko) Chrome/75.0.3770.142 Safari/537.36
[INFO] 2019/08/02 09:28 200 496.428µs ::1 GET /images/loading.gif Mozilla/5.0 (Macintosh; Intel Mac OS X 10_14_5) AppleWebKit/537.36 (KHTML, like Gecko) Chrome/75.0.3770.142 Safari/537.36
[INFO] 2019/08/02 09:28 304 118.948µs ::1 GET /images/loading.gif Mozilla/5.0 (Macintosh; Intel Mac OS X 10_14_5) AppleWebKit/537.36 (KHTML, like Gecko) Chrome/75.0.3770.142 Safari/537.36
[INFO] 2019/08/02 09:28 200 41.2µs ::1 POST /api/login Mozilla/5.0 (Macintosh; Intel Mac OS X 10_14_5) AppleWebKit/537.36 (KHTML, like Gecko) Chrome/75.0.3770.142 Safari/537.36
[INFO] 2019/08/02 09:28 200 231.156µs ::1 GET /images/loading.gif Mozilla/5.0 (Macintosh; Intel Mac OS X 10_14_5) AppleWebKit/537.36 (KHTML, like Gecko) Chrome/75.0.3770.142 Safari/537.36
[INFO] 2019/08/02 09:28 301 153.632µs ::1 GET / Mozilla/5.0 (Macintosh; Intel Mac OS X 10_14_5) AppleWebKit/537.36 (KHTML, like Gecko) Chrome/75.0.3770.142 Safari/537.36
[INFO] 2019/08/02 09:28 200 109.468µs ::1 GET /login Mozilla/5.0 (Macintosh; Intel Mac OS X 10_14_5) AppleWebKit/537.36 (KHTML, like Gecko) Chrome/75.0.3770.142 Safari/537.36
[INFO] 2019/08/02 09:28 200 323.075µs ::1 GET /images/loading.gif Mozilla/5.0 (Macintosh; Intel Mac OS X 10_14_5) AppleWebKit/537.36 (KHTML, like Gecko) Chrome/75.0.3770.142 Safari/537.36
[INFO] 2019/08/02 09:28 200 56.076µs ::1 POST /api/login Mozilla/5.0 (Macintosh; Intel Mac OS X 10_14_5) AppleWebKit/537.36 (KHTML, like Gecko) Chrome/75.0.3770.142 Safari/537.36
[INFO] 2019/08/02 09:28 200 296.849µs ::1 GET /images/loading.gif Mozilla/5.0 (Macintosh; Intel Mac OS X 10_14_5) AppleWebKit/537.36 (KHTML, like Gecko) Chrome/75.0.3770.142 Safari/537.36
[INFO] 2019/08/02 09:28 301 224.511µs ::1 GET / Mozilla/5.0 (Macintosh; Intel Mac OS X 10_14_5) AppleWebKit/537.36 (KHTML, like Gecko) Chrome/75.0.3770.142 Safari/537.36
[INFO] 2019/08/02 09:28 200 47.884µs ::1 GET /login Mozilla/5.0 (Macintosh; Intel Mac OS X 10_14_5) AppleWebKit/537.36 (KHTML, like Gecko) Chrome/75.0.3770.142 Safari/537.36
[INFO] 2019/08/02 09:28 200 217.468µs ::1 GET /images/loading.gif Mozilla/5.0 (Macintosh; Intel Mac OS X 10_14_5) AppleWebKit/537.36 (KHTML, like Gecko) Chrome/75.0.3770.142 Safari/537.36
[INFO] 2019/08/02 09:28 200 65.436µs ::1 POST /api/login Mozilla/5.0 (Macintosh; Intel Mac OS X 10_14_5) AppleWebKit/537.36 (KHTML, like Gecko) Chrome/75.0.3770.142 Safari/537.36
[INFO] 2019/08/02 09:28 200 239.112µs ::1 GET /images/loading.gif Mozilla/5.0 (Macintosh; Intel Mac OS X 10_14_5) AppleWebKit/537.36 (KHTML, like Gecko) Chrome/75.0.3770.142 Safari/537.36
[INFO] 2019/08/02 09:28 301 135.822µs ::1 GET / Mozilla/5.0 (Macintosh; Intel Mac OS X 10_14_5) AppleWebKit/537.36 (KHTML, like Gecko) Chrome/75.0.3770.142 Safari/537.36
[INFO] 2019/08/02 09:28 200 105.039µs ::1 GET /login Mozilla/5.0 (Macintosh; Intel Mac OS X 10_14_5) AppleWebKit/537.36 (KHTML, like Gecko) Chrome/75.0.3770.142 Safari/537.36
[INFO] 2019/08/02 09:28 200 287.486µs ::1 GET /images/loading.gif Mozilla/5.0 (Macintosh; Intel Mac OS X 10_14_5) AppleWebKit/537.36 (KHTML, like Gecko) Chrome/75.0.3770.142 Safari/537.36
[ERRO] 2019/08/02 09:29 http: Server closed
Now listening on: http://localhost:8081
Application started. Press CMD+C to shut down.
[INFO] 2019/08/02 09:29 200 480.414µs ::1 GET /login Mozilla/5.0 (Macintosh; Intel Mac OS X 10_14_5) AppleWebKit/537.36 (KHTML, like Gecko) Chrome/75.0.3770.142 Safari/537.36
[INFO] 2019/08/02 09:29 200 4.003974ms ::1 GET /images/loading.gif Mozilla/5.0 (Macintosh; Intel Mac OS X 10_14_5) AppleWebKit/537.36 (KHTML, like Gecko) Chrome/75.0.3770.142 Safari/537.36
[INFO] 2019/08/02 09:29 200 65.703µs ::1 POST /api/login Mozilla/5.0 (Macintosh; Intel Mac OS X 10_14_5) AppleWebKit/537.36 (KHTML, like Gecko) Chrome/75.0.3770.142 Safari/537.36
[INFO] 2019/08/02 09:29 200 283.34µs ::1 GET /images/loading.gif Mozilla/5.0 (Macintosh; Intel Mac OS X 10_14_5) AppleWebKit/537.36 (KHTML, like Gecko) Chrome/75.0.3770.142 Safari/537.36
[INFO] 2019/08/02 09:29 301 9.162311ms ::1 GET / Mozilla/5.0 (Macintosh; Intel Mac OS X 10_14_5) AppleWebKit/537.36 (KHTML, like Gecko) Chrome/75.0.3770.142 Safari/537.36
[INFO] 2019/08/02 09:29 200 47.789µs ::1 GET /login Mozilla/5.0 (Macintosh; Intel Mac OS X 10_14_5) AppleWebKit/537.36 (KHTML, like Gecko) Chrome/75.0.3770.142 Safari/537.36
[INFO] 2019/08/02 09:29 200 238.496µs ::1 GET /images/loading.gif Mozilla/5.0 (Macintosh; Intel Mac OS X 10_14_5) AppleWebKit/537.36 (KHTML, like Gecko) Chrome/75.0.3770.142 Safari/537.36
[ERRO] 2019/08/02 09:42 http: Server closed
Now listening on: http://localhost:8081
Application started. Press CMD+C to shut down.
[INFO] 2019/08/02 09:42 200 616.013µs ::1 GET /login Mozilla/5.0 (Macintosh; Intel Mac OS X 10_14_5) AppleWebKit/537.36 (KHTML, like Gecko) Chrome/75.0.3770.142 Safari/537.36
[INFO] 2019/08/02 09:42 200 2.213942ms ::1 GET /images/loading.gif Mozilla/5.0 (Macintosh; Intel Mac OS X 10_14_5) AppleWebKit/537.36 (KHTML, like Gecko) Chrome/75.0.3770.142 Safari/537.36
[INFO] 2019/08/02 09:42 200 164.85µs ::1 POST /api/login Mozilla/5.0 (Macintosh; Intel Mac OS X 10_14_5) AppleWebKit/537.36 (KHTML, like Gecko) Chrome/75.0.3770.142 Safari/537.36
[INFO] 2019/08/02 09:42 200 202.698µs ::1 GET /images/loading.gif Mozilla/5.0 (Macintosh; Intel Mac OS X 10_14_5) AppleWebKit/537.36 (KHTML, like Gecko) Chrome/75.0.3770.142 Safari/537.36
[INFO] 2019/08/02 09:42 200 412.897µs ::1 GET / Mozilla/5.0 (Macintosh; Intel Mac OS X 10_14_5) AppleWebKit/537.36 (KHTML, like Gecko) Chrome/75.0.3770.142 Safari/537.36
[INFO] 2019/08/02 09:42 200 208.854µs ::1 GET /images/loading.gif Mozilla/5.0 (Macintosh; Intel Mac OS X 10_14_5) AppleWebKit/537.36 (KHTML, like Gecko) Chrome/75.0.3770.142 Safari/537.36
[INFO] 2019/08/02 09:42 200 3.087838237s ::1 GET /api/tag_list/kuaiyong Mozilla/5.0 (Macintosh; Intel Mac OS X 10_14_5) AppleWebKit/537.36 (KHTML, like Gecko) Chrome/75.0.3770.142 Safari/537.36
[INFO] 2019/08/02 09:42 200 1.218369ms ::1 GET /images/loading.gif Mozilla/5.0 (Macintosh; Intel Mac OS X 10_14_5) AppleWebKit/537.36 (KHTML, like Gecko) Chrome/75.0.3770.142 Safari/537.36
[INFO] 2019/08/02 09:42 200 409.984µs ::1 GET /images/loading.gif Mozilla/5.0 (Macintosh; Intel Mac OS X 10_14_5) AppleWebKit/537.36 (KHTML, like Gecko) Chrome/75.0.3770.142 Safari/537.36
[INFO] 2019/08/02 09:42 200 2.945561728s ::1 GET /api/tag_list/kuaiyong Mozilla/5.0 (Macintosh; Intel Mac OS X 10_14_5) AppleWebKit/537.36 (KHTML, like Gecko) Chrome/75.0.3770.142 Safari/537.36
[INFO] 2019/08/02 09:42 200 2.222619867s ::1 GET /api/tag_list/kuaiyong Mozilla/5.0 (Macintosh; Intel Mac OS X 10_14_5) AppleWebKit/537.36 (KHTML, like Gecko) Chrome/75.0.3770.142 Safari/537.36
[INFO] 2019/08/02 09:42 200 1.087151ms ::1 GET /images/loading.gif Mozilla/5.0 (Macintosh; Intel Mac OS X 10_14_5) AppleWebKit/537.36 (KHTML, like Gecko) Chrome/75.0.3770.142 Safari/537.36
[INFO] 2019/08/02 09:42 200 576.315µs ::1 GET /images/loading.gif Mozilla/5.0 (Macintosh; Intel Mac OS X 10_14_5) AppleWebKit/537.36 (KHTML, like Gecko) Chrome/75.0.3770.142 Safari/537.36
[INFO] 2019/08/02 09:42 200 2.628898391s ::1 GET /api/tag_list/kuaiyong Mozilla/5.0 (Macintosh; Intel Mac OS X 10_14_5) AppleWebKit/537.36 (KHTML, like Gecko) Chrome/75.0.3770.142 Safari/537.36
[INFO] 2019/08/02 09:42 200 1.094654ms ::1 GET /images/loading.gif Mozilla/5.0 (Macintosh; Intel Mac OS X 10_14_5) AppleWebKit/537.36 (KHTML, like Gecko) Chrome/75.0.3770.142 Safari/537.36
[INFO] 2019/08/02 09:42 200 415.073µs ::1 GET /images/loading.gif Mozilla/5.0 (Macintosh; Intel Mac OS X 10_14_5) AppleWebKit/537.36 (KHTML, like Gecko) Chrome/75.0.3770.142 Safari/537.36
[INFO] 2019/08/02 09:42 200 2.247999492s ::1 GET /api/tag_list/kuaiyong Mozilla/5.0 (Macintosh; Intel Mac OS X 10_14_5) AppleWebKit/537.36 (KHTML, like Gecko) Chrome/75.0.3770.142 Safari/537.36
[INFO] 2019/08/02 09:42 200 312.833µs ::1 GET /images/loading.gif Mozilla/5.0 (Macintosh; Intel Mac OS X 10_14_5) AppleWebKit/537.36 (KHTML, like Gecko) Chrome/75.0.3770.142 Safari/537.36
[INFO] 2019/08/02 09:42 200 316.808µs ::1 GET /images/loading.gif Mozilla/5.0 (Macintosh; Intel Mac OS X 10_14_5) AppleWebKit/537.36 (KHTML, like Gecko) Chrome/75.0.3770.142 Safari/537.36
[INFO] 2019/08/02 09:42 200 345.381µs ::1 GET /images/loading.gif Mozilla/5.0 (Macintosh; Intel Mac OS X 10_14_5) AppleWebKit/537.36 (KHTML, like Gecko) Chrome/75.0.3770.142 Safari/537.36
[INFO] 2019/08/02 09:42 200 2.414434782s ::1 GET /api/tag_list/kuaiyong Mozilla/5.0 (Macintosh; Intel Mac OS X 10_14_5) AppleWebKit/537.36 (KHTML, like Gecko) Chrome/75.0.3770.142 Safari/537.36
[INFO] 2019/08/02 09:42 200 2.245519664s ::1 GET /api/tag_list/kuaiyong Mozilla/5.0 (Macintosh; Intel Mac OS X 10_14_5) AppleWebKit/537.36 (KHTML, like Gecko) Chrome/75.0.3770.142 Safari/537.36
[INFO] 2019/08/02 09:42 200 2.373859189s ::1 GET /api/tag_list/kuaiyong Mozilla/5.0 (Macintosh; Intel Mac OS X 10_14_5) AppleWebKit/537.36 (KHTML, like Gecko) Chrome/75.0.3770.142 Safari/537.36
[INFO] 2019/08/02 09:42 200 2.232784454s ::1 GET /api/tag_list/kuaiyong Mozilla/5.0 (Macintosh; Intel Mac OS X 10_14_5) AppleWebKit/537.36 (KHTML, like Gecko) Chrome/75.0.3770.142 Safari/537.36
[INFO] 2019/08/02 09:42 200 3.390600403s ::1 GET /api/tag_list/kuaiyong Mozilla/5.0 (Macintosh; Intel Mac OS X 10_14_5) AppleWebKit/537.36 (KHTML, like Gecko) Chrome/75.0.3770.142 Safari/537.36
[INFO] 2019/08/02 09:42 200 2.49080107s ::1 GET /api/tag_list/kuaiyong Mozilla/5.0 (Macintosh; Intel Mac OS X 10_14_5) AppleWebKit/537.36 (KHTML, like Gecko) Chrome/75.0.3770.142 Safari/537.36
[INFO] 2019/08/02 09:42 200 2.688261106s ::1 GET /api/tag_list/kuaiyong Mozilla/5.0 (Macintosh; Intel Mac OS X 10_14_5) AppleWebKit/537.36 (KHTML, like Gecko) Chrome/75.0.3770.142 Safari/537.36
[INFO] 2019/08/02 09:42 200 18.777µs ::1 GET /api/tag_list/kuaiyong Mozilla/5.0 (Macintosh; Intel Mac OS X 10_14_5) AppleWebKit/537.36 (KHTML, like Gecko) Chrome/75.0.3770.142 Safari/537.36
[INFO] 2019/08/02 09:42 200 12.359µs ::1 GET /api/tag_list/kuaiyong Mozilla/5.0 (Macintosh; Intel Mac OS X 10_14_5) AppleWebKit/537.36 (KHTML, like Gecko) Chrome/75.0.3770.142 Safari/537.36
[INFO] 2019/08/02 09:42 200 18.402µs ::1 GET /api/tag_list/kuaiyong Mozilla/5.0 (Macintosh; Intel Mac OS X 10_14_5) AppleWebKit/537.36 (KHTML, like Gecko) Chrome/75.0.3770.142 Safari/537.36
[INFO] 2019/08/02 09:42 200 15.824µs ::1 GET /api/tag_list/kuaiyong Mozilla/5.0 (Macintosh; Intel Mac OS X 10_14_5) AppleWebKit/537.36 (KHTML, like Gecko) Chrome/75.0.3770.142 Safari/537.36
[INFO] 2019/08/02 09:42 200 11.637µs ::1 GET /api/tag_list/kuaiyong Mozilla/5.0 (Macintosh; Intel Mac OS X 10_14_5) AppleWebKit/537.36 (KHTML, like Gecko) Chrome/75.0.3770.142 Safari/537.36
[INFO] 2019/08/02 09:42 200 11.625µs ::1 GET /api/tag_list/kuaiyong Mozilla/5.0 (Macintosh; Intel Mac OS X 10_14_5) AppleWebKit/537.36 (KHTML, like Gecko) Chrome/75.0.3770.142 Safari/537.36
[INFO] 2019/08/02 09:42 200 14.444µs ::1 GET /api/tag_list/kuaiyong Mozilla/5.0 (Macintosh; Intel Mac OS X 10_14_5) AppleWebKit/537.36 (KHTML, like Gecko) Chrome/75.0.3770.142 Safari/537.36
[INFO] 2019/08/02 09:42 200 10.878µs ::1 GET /api/tag_list/kuaiyong Mozilla/5.0 (Macintosh; Intel Mac OS X 10_14_5) AppleWebKit/537.36 (KHTML, like Gecko) Chrome/75.0.3770.142 Safari/537.36
[INFO] 2019/08/02 09:42 200 11.761µs ::1 GET /api/tag_list/kuaiyong Mozilla/5.0 (Macintosh; Intel Mac OS X 10_14_5) AppleWebKit/537.36 (KHTML, like Gecko) Chrome/75.0.3770.142 Safari/537.36
[INFO] 2019/08/02 09:42 200 11.442µs ::1 GET /api/tag_list/kuaiyong Mozilla/5.0 (Macintosh; Intel Mac OS X 10_14_5) AppleWebKit/537.36 (KHTML, like Gecko) Chrome/75.0.3770.142 Safari/537.36
[INFO] 2019/08/02 09:42 200 12.47µs ::1 GET /api/tag_list/kuaiyong Mozilla/5.0 (Macintosh; Intel Mac OS X 10_14_5) AppleWebKit/537.36 (KHTML, like Gecko) Chrome/75.0.3770.142 Safari/537.36
[INFO] 2019/08/02 09:42 200 10.281µs ::1 GET /api/tag_list/kuaiyong Mozilla/5.0 (Macintosh; Intel Mac OS X 10_14_5) AppleWebKit/537.36 (KHTML, like Gecko) Chrome/75.0.3770.142 Safari/537.36
[INFO] 2019/08/02 09:42 200 15.329µs ::1 GET /api/tag_list/kuaiyong Mozilla/5.0 (Macintosh; Intel Mac OS X 10_14_5) AppleWebKit/537.36 (KHTML, like Gecko) Chrome/75.0.3770.142 Safari/537.36
[INFO] 2019/08/02 09:42 200 12.068µs ::1 GET /api/tag_list/kuaiyong Mozilla/5.0 (Macintosh; Intel Mac OS X 10_14_5) AppleWebKit/537.36 (KHTML, like Gecko) Chrome/75.0.3770.142 Safari/537.36
[INFO] 2019/08/02 09:42 200 11.814µs ::1 GET /api/tag_list/kuaiyong Mozilla/5.0 (Macintosh; Intel Mac OS X 10_14_5) AppleWebKit/537.36 (KHTML, like Gecko) Chrome/75.0.3770.142 Safari/537.36
[INFO] 2019/08/02 09:42 200 261.756µs ::1 GET /images/loading.gif Mozilla/5.0 (Macintosh; Intel Mac OS X 10_14_5) AppleWebKit/537.36 (KHTML, like Gecko) Chrome/75.0.3770.142 Safari/537.36
[INFO] 2019/08/02 09:42 200 215.188µs ::1 GET /images/loading.gif Mozilla/5.0 (Macintosh; Intel Mac OS X 10_14_5) AppleWebKit/537.36 (KHTML, like Gecko) Chrome/75.0.3770.142 Safari/537.36
[INFO] 2019/08/02 09:42 200 10.219µs ::1 GET /api/tag_list/kuaiyong Mozilla/5.0 (Macintosh; Intel Mac OS X 10_14_5) AppleWebKit/537.36 (KHTML, like Gecko) Chrome/75.0.3770.142 Safari/537.36
[INFO] 2019/08/02 09:42 200 2.502259364s ::1 GET /api/tag_list/kuaiyong Mozilla/5.0 (Macintosh; Intel Mac OS X 10_14_5) AppleWebKit/537.36 (KHTML, like Gecko) Chrome/75.0.3770.142 Safari/537.36
[INFO] 2019/08/02 09:42 200 2.81411729s ::1 GET /api/tag_list/kuaiyong Mozilla/5.0 (Macintosh; Intel Mac OS X 10_14_5) AppleWebKit/537.36 (KHTML, like Gecko) Chrome/75.0.3770.142 Safari/537.36
[INFO] 2019/08/02 09:42 200 2.364084962s ::1 GET /api/tag_list/kuaiyong Mozilla/5.0 (Macintosh; Intel Mac OS X 10_14_5) AppleWebKit/537.36 (KHTML, like Gecko) Chrome/75.0.3770.142 Safari/537.36
[INFO] 2019/08/02 09:42 200 2.317558935s ::1 GET /api/tag_list/kuaiyong Mozilla/5.0 (Macintosh; Intel Mac OS X 10_14_5) AppleWebKit/537.36 (KHTML, like Gecko) Chrome/75.0.3770.142 Safari/537.36
[INFO] 2019/08/02 09:42 200 10.457µs ::1 GET /api/tag_list/kuaiyong Mozilla/5.0 (Macintosh; Intel Mac OS X 10_14_5) AppleWebKit/537.36 (KHTML, like Gecko) Chrome/75.0.3770.142 Safari/537.36
[INFO] 2019/08/02 09:42 200 261.075µs ::1 GET /images/loading.gif Mozilla/5.0 (Macintosh; Intel Mac OS X 10_14_5) AppleWebKit/537.36 (KHTML, like Gecko) Chrome/75.0.3770.142 Safari/537.36
[INFO] 2019/08/02 09:42 200 2.566861379s ::1 GET /api/tag_list/kuaiyong Mozilla/5.0 (Macintosh; Intel Mac OS X 10_14_5) AppleWebKit/537.36 (KHTML, like Gecko) Chrome/75.0.3770.142 Safari/537.36
[INFO] 2019/08/02 09:42 200 21.444µs ::1 GET /api/tag_list/kuaiyong Mozilla/5.0 (Macintosh; Intel Mac OS X 10_14_5) AppleWebKit/537.36 (KHTML, like Gecko) Chrome/75.0.3770.142 Safari/537.36
[INFO] 2019/08/02 09:42 200 326.405µs ::1 GET /images/loading.gif Mozilla/5.0 (Macintosh; Intel Mac OS X 10_14_5) AppleWebKit/537.36 (KHTML, like Gecko) Chrome/75.0.3770.142 Safari/537.36
[INFO] 2019/08/02 09:42 200 12.477µs ::1 GET /api/tag_list/kuaiyong Mozilla/5.0 (Macintosh; Intel Mac OS X 10_14_5) AppleWebKit/537.36 (KHTML, like Gecko) Chrome/75.0.3770.142 Safari/537.36
[INFO] 2019/08/02 09:42 200 1.495568ms ::1 GET /images/loading.gif Mozilla/5.0 (Macintosh; Intel Mac OS X 10_14_5) AppleWebKit/537.36 (KHTML, like Gecko) Chrome/75.0.3770.142 Safari/537.36
[INFO] 2019/08/02 09:42 200 12.629µs ::1 GET /api/tag_list/kuaiyong Mozilla/5.0 (Macintosh; Intel Mac OS X 10_14_5) AppleWebKit/537.36 (KHTML, like Gecko) Chrome/75.0.3770.142 Safari/537.36
[INFO] 2019/08/02 09:42 200 1.809521ms ::1 GET /images/loading.gif Mozilla/5.0 (Macintosh; Intel Mac OS X 10_14_5) AppleWebKit/537.36 (KHTML, like Gecko) Chrome/75.0.3770.142 Safari/537.36
[INFO] 2019/08/02 09:42 200 13.297µs ::1 GET /api/tag_list/kuaiyong Mozilla/5.0 (Macintosh; Intel Mac OS X 10_14_5) AppleWebKit/537.36 (KHTML, like Gecko) Chrome/75.0.3770.142 Safari/537.36
[INFO] 2019/08/02 09:42 200 185.473µs ::1 GET /images/loading.gif Mozilla/5.0 (Macintosh; Intel Mac OS X 10_14_5) AppleWebKit/537.36 (KHTML, like Gecko) Chrome/75.0.3770.142 Safari/537.36
[INFO] 2019/08/02 09:42 200 11.319µs ::1 GET /api/tag_list/kuaiyong Mozilla/5.0 (Macintosh; Intel Mac OS X 10_14_5) AppleWebKit/537.36 (KHTML, like Gecko) Chrome/75.0.3770.142 Safari/537.36
[INFO] 2019/08/02 09:42 200 168.689µs ::1 GET /images/loading.gif Mozilla/5.0 (Macintosh; Intel Mac OS X 10_14_5) AppleWebKit/537.36 (KHTML, like Gecko) Chrome/75.0.3770.142 Safari/537.36
[INFO] 2019/08/02 09:42 200 36.429µs ::1 GET /api/tag_list/kuaiyong Mozilla/5.0 (Macintosh; Intel Mac OS X 10_14_5) AppleWebKit/537.36 (KHTML, like Gecko) Chrome/75.0.3770.142 Safari/537.36
[INFO] 2019/08/02 09:42 200 308.087µs ::1 GET /images/loading.gif Mozilla/5.0 (Macintosh; Intel Mac OS X 10_14_5) AppleWebKit/537.36 (KHTML, like Gecko) Chrome/75.0.3770.142 Safari/537.36
[INFO] 2019/08/02 09:42 200 12.309µs ::1 GET /api/tag_list/kuaiyong Mozilla/5.0 (Macintosh; Intel Mac OS X 10_14_5) AppleWebKit/537.36 (KHTML, like Gecko) Chrome/75.0.3770.142 Safari/537.36
[INFO] 2019/08/02 09:42 200 2.31955ms ::1 GET /images/loading.gif Mozilla/5.0 (Macintosh; Intel Mac OS X 10_14_5) AppleWebKit/537.36 (KHTML, like Gecko) Chrome/75.0.3770.142 Safari/537.36
[INFO] 2019/08/02 09:42 200 529.567µs ::1 GET /images/loading.gif Mozilla/5.0 (Macintosh; Intel Mac OS X 10_14_5) AppleWebKit/537.36 (KHTML, like Gecko) Chrome/75.0.3770.142 Safari/537.36
[INFO] 2019/08/02 09:42 200 21.653µs ::1 GET /api/tag_list/kuaiyong Mozilla/5.0 (Macintosh; Intel Mac OS X 10_14_5) AppleWebKit/537.36 (KHTML, like Gecko) Chrome/75.0.3770.142 Safari/537.36
[INFO] 2019/08/02 09:42 200 12.301µs ::1 GET /api/tag_list/kuaiyong Mozilla/5.0 (Macintosh; Intel Mac OS X 10_14_5) AppleWebKit/537.36 (KHTML, like Gecko) Chrome/75.0.3770.142 Safari/537.36
[INFO] 2019/08/02 09:42 200 288.126µs ::1 GET /images/loading.gif Mozilla/5.0 (Macintosh; Intel Mac OS X 10_14_5) AppleWebKit/537.36 (KHTML, like Gecko) Chrome/75.0.3770.142 Safari/537.36
[INFO] 2019/08/02 09:42 200 10.662µs ::1 GET /api/tag_list/kuaiyong Mozilla/5.0 (Macintosh; Intel Mac OS X 10_14_5) AppleWebKit/537.36 (KHTML, like Gecko) Chrome/75.0.3770.142 Safari/537.36
[INFO] 2019/08/02 09:42 200 2.368965ms ::1 GET /images/loading.gif Mozilla/5.0 (Macintosh; Intel Mac OS X 10_14_5) AppleWebKit/537.36 (KHTML, like Gecko) Chrome/75.0.3770.142 Safari/537.36
[INFO] 2019/08/02 09:42 200 605.18µs ::1 GET /images/loading.gif Mozilla/5.0 (Macintosh; Intel Mac OS X 10_14_5) AppleWebKit/537.36 (KHTML, like Gecko) Chrome/75.0.3770.142 Safari/537.36
[INFO] 2019/08/02 09:42 200 17.499µs ::1 GET /api/tag_list/kuaiyong Mozilla/5.0 (Macintosh; Intel Mac OS X 10_14_5) AppleWebKit/537.36 (KHTML, like Gecko) Chrome/75.0.3770.142 Safari/537.36
[INFO] 2019/08/02 09:42 200 65.021µs ::1 GET /api/tag_list/kuaiyong Mozilla/5.0 (Macintosh; Intel Mac OS X 10_14_5) AppleWebKit/537.36 (KHTML, like Gecko) Chrome/75.0.3770.142 Safari/537.36
[INFO] 2019/08/02 09:42 200 308.758µs ::1 GET /images/loading.gif Mozilla/5.0 (Macintosh; Intel Mac OS X 10_14_5) AppleWebKit/537.36 (KHTML, like Gecko) Chrome/75.0.3770.142 Safari/537.36
[INFO] 2019/08/02 09:42 200 69.021µs ::1 GET /api/tag_list/kuaiyong Mozilla/5.0 (Macintosh; Intel Mac OS X 10_14_5) AppleWebKit/537.36 (KHTML, like Gecko) Chrome/75.0.3770.142 Safari/537.36
[INFO] 2019/08/02 09:42 200 2.305792ms ::1 GET /images/loading.gif Mozilla/5.0 (Macintosh; Intel Mac OS X 10_14_5) AppleWebKit/537.36 (KHTML, like Gecko) Chrome/75.0.3770.142 Safari/537.36
[INFO] 2019/08/02 09:42 200 182.399µs ::1 GET /images/loading.gif Mozilla/5.0 (Macintosh; Intel Mac OS X 10_14_5) AppleWebKit/537.36 (KHTML, like Gecko) Chrome/75.0.3770.142 Safari/537.36
[INFO] 2019/08/02 09:42 200 11.155µs ::1 GET /api/tag_list/kuaiyong Mozilla/5.0 (Macintosh; Intel Mac OS X 10_14_5) AppleWebKit/537.36 (KHTML, like Gecko) Chrome/75.0.3770.142 Safari/537.36
[INFO] 2019/08/02 09:42 200 11.612µs ::1 GET /api/tag_list/kuaiyong Mozilla/5.0 (Macintosh; Intel Mac OS X 10_14_5) AppleWebKit/537.36 (KHTML, like Gecko) Chrome/75.0.3770.142 Safari/537.36
[INFO] 2019/08/02 09:42 200 317.886µs ::1 GET /images/loading.gif Mozilla/5.0 (Macintosh; Intel Mac OS X 10_14_5) AppleWebKit/537.36 (KHTML, like Gecko) Chrome/75.0.3770.142 Safari/537.36
[INFO] 2019/08/02 09:42 200 11.174µs ::1 GET /api/tag_list/kuaiyong Mozilla/5.0 (Macintosh; Intel Mac OS X 10_14_5) AppleWebKit/537.36 (KHTML, like Gecko) Chrome/75.0.3770.142 Safari/537.36
[INFO] 2019/08/02 09:42 200 937.256µs ::1 GET /images/loading.gif Mozilla/5.0 (Macintosh; Intel Mac OS X 10_14_5) AppleWebKit/537.36 (KHTML, like Gecko) Chrome/75.0.3770.142 Safari/537.36
[INFO] 2019/08/02 09:42 200 315.918µs ::1 GET /images/loading.gif Mozilla/5.0 (Macintosh; Intel Mac OS X 10_14_5) AppleWebKit/537.36 (KHTML, like Gecko) Chrome/75.0.3770.142 Safari/537.36
[INFO] 2019/08/02 09:42 200 10.87µs ::1 GET /api/tag_list/kuaiyong Mozilla/5.0 (Macintosh; Intel Mac OS X 10_14_5) AppleWebKit/537.36 (KHTML, like Gecko) Chrome/75.0.3770.142 Safari/537.36
[INFO] 2019/08/02 09:42 200 17.184µs ::1 GET /api/tag_list/kuaiyong Mozilla/5.0 (Macintosh; Intel Mac OS X 10_14_5) AppleWebKit/537.36 (KHTML, like Gecko) Chrome/75.0.3770.142 Safari/537.36
[INFO] 2019/08/02 09:42 200 1.423197ms ::1 GET /images/loading.gif Mozilla/5.0 (Macintosh; Intel Mac OS X 10_14_5) AppleWebKit/537.36 (KHTML, like Gecko) Chrome/75.0.3770.142 Safari/537.36
[INFO] 2019/08/02 09:42 200 10.458µs ::1 GET /api/tag_list/kuaiyong Mozilla/5.0 (Macintosh; Intel Mac OS X 10_14_5) AppleWebKit/537.36 (KHTML, like Gecko) Chrome/75.0.3770.142 Safari/537.36
[INFO] 2019/08/02 09:42 200 421.405µs ::1 GET /images/loading.gif Mozilla/5.0 (Macintosh; Intel Mac OS X 10_14_5) AppleWebKit/537.36 (KHTML, like Gecko) Chrome/75.0.3770.142 Safari/537.36
[INFO] 2019/08/02 09:42 200 176.264µs ::1 GET /images/loading.gif Mozilla/5.0 (Macintosh; Intel Mac OS X 10_14_5) AppleWebKit/537.36 (KHTML, like Gecko) Chrome/75.0.3770.142 Safari/537.36
[INFO] 2019/08/02 09:42 200 38.125µs ::1 GET /api/tag_list/kuaiyong Mozilla/5.0 (Macintosh; Intel Mac OS X 10_14_5) AppleWebKit/537.36 (KHTML, like Gecko) Chrome/75.0.3770.142 Safari/537.36
[INFO] 2019/08/02 09:42 200 15.547µs ::1 GET /api/tag_list/kuaiyong Mozilla/5.0 (Macintosh; Intel Mac OS X 10_14_5) AppleWebKit/537.36 (KHTML, like Gecko) Chrome/75.0.3770.142 Safari/537.36
[INFO] 2019/08/02 09:42 200 275.536µs ::1 GET /images/loading.gif Mozilla/5.0 (Macintosh; Intel Mac OS X 10_14_5) AppleWebKit/537.36 (KHTML, like Gecko) Chrome/75.0.3770.142 Safari/537.36
[INFO] 2019/08/02 09:42 200 12.121µs ::1 GET /api/tag_list/kuaiyong Mozilla/5.0 (Macintosh; Intel Mac OS X 10_14_5) AppleWebKit/537.36 (KHTML, like Gecko) Chrome/75.0.3770.142 Safari/537.36
[INFO] 2019/08/02 09:42 200 365.134µs ::1 GET /images/loading.gif Mozilla/5.0 (Macintosh; Intel Mac OS X 10_14_5) AppleWebKit/537.36 (KHTML, like Gecko) Chrome/75.0.3770.142 Safari/537.36
[INFO] 2019/08/02 09:42 200 11.794µs ::1 GET /api/tag_list/kuaiyong Mozilla/5.0 (Macintosh; Intel Mac OS X 10_14_5) AppleWebKit/537.36 (KHTML, like Gecko) Chrome/75.0.3770.142 Safari/537.36
[INFO] 2019/08/02 09:42 200 307.824µs ::1 GET /images/loading.gif Mozilla/5.0 (Macintosh; Intel Mac OS X 10_14_5) AppleWebKit/537.36 (KHTML, like Gecko) Chrome/75.0.3770.142 Safari/537.36
[INFO] 2019/08/02 09:42 200 60.306µs ::1 GET /api/tag_list/kuaiyong Mozilla/5.0 (Macintosh; Intel Mac OS X 10_14_5) AppleWebKit/537.36 (KHTML, like Gecko) Chrome/75.0.3770.142 Safari/537.36
[INFO] 2019/08/02 09:42 200 264.344µs ::1 GET /images/loading.gif Mozilla/5.0 (Macintosh; Intel Mac OS X 10_14_5) AppleWebKit/537.36 (KHTML, like Gecko) Chrome/75.0.3770.142 Safari/537.36
[INFO] 2019/08/02 09:42 200 12.972µs ::1 GET /api/tag_list/kuaiyong Mozilla/5.0 (Macintosh; Intel Mac OS X 10_14_5) AppleWebKit/537.36 (KHTML, like Gecko) Chrome/75.0.3770.142 Safari/537.36
[INFO] 2019/08/02 09:42 200 961.987µs ::1 GET /images/loading.gif Mozilla/5.0 (Macintosh; Intel Mac OS X 10_14_5) AppleWebKit/537.36 (KHTML, like Gecko) Chrome/75.0.3770.142 Safari/537.36
[INFO] 2019/08/02 09:42 200 293.097µs ::1 GET /images/loading.gif Mozilla/5.0 (Macintosh; Intel Mac OS X 10_14_5) AppleWebKit/537.36 (KHTML, like Gecko) Chrome/75.0.3770.142 Safari/537.36
[INFO] 2019/08/02 09:42 200 10.524µs ::1 GET /api/tag_list/kuaiyong Mozilla/5.0 (Macintosh; Intel Mac OS X 10_14_5) AppleWebKit/537.36 (KHTML, like Gecko) Chrome/75.0.3770.142 Safari/537.36
[INFO] 2019/08/02 09:42 200 12.977µs ::1 GET /api/tag_list/kuaiyong Mozilla/5.0 (Macintosh; Intel Mac OS X 10_14_5) AppleWebKit/537.36 (KHTML, like Gecko) Chrome/75.0.3770.142 Safari/537.36
[INFO] 2019/08/02 09:42 200 306.704µs ::1 GET /images/loading.gif Mozilla/5.0 (Macintosh; Intel Mac OS X 10_14_5) AppleWebKit/537.36 (KHTML, like Gecko) Chrome/75.0.3770.142 Safari/537.36
[INFO] 2019/08/02 09:42 200 12.333µs ::1 GET /api/tag_list/kuaiyong Mozilla/5.0 (Macintosh; Intel Mac OS X 10_14_5) AppleWebKit/537.36 (KHTML, like Gecko) Chrome/75.0.3770.142 Safari/537.36
[INFO] 2019/08/02 09:42 200 650.154µs ::1 GET /images/loading.gif Mozilla/5.0 (Macintosh; Intel Mac OS X 10_14_5) AppleWebKit/537.36 (KHTML, like Gecko) Chrome/75.0.3770.142 Safari/537.36
[INFO] 2019/08/02 09:43 200 308.272µs ::1 GET /images/loading.gif Mozilla/5.0 (Macintosh; Intel Mac OS X 10_14_5) AppleWebKit/537.36 (KHTML, like Gecko) Chrome/75.0.3770.142 Safari/537.36
[INFO] 2019/08/02 09:43 200 11.127µs ::1 GET /api/tag_list/kuaiyong Mozilla/5.0 (Macintosh; Intel Mac OS X 10_14_5) AppleWebKit/537.36 (KHTML, like Gecko) Chrome/75.0.3770.142 Safari/537.36
[INFO] 2019/08/02 09:43 200 13.428µs ::1 GET /api/tag_list/kuaiyong Mozilla/5.0 (Macintosh; Intel Mac OS X 10_14_5) AppleWebKit/537.36 (KHTML, like Gecko) Chrome/75.0.3770.142 Safari/537.36
[INFO] 2019/08/02 09:43 200 3.066619ms ::1 GET /images/loading.gif Mozilla/5.0 (Macintosh; Intel Mac OS X 10_14_5) AppleWebKit/537.36 (KHTML, like Gecko) Chrome/75.0.3770.142 Safari/537.36
[INFO] 2019/08/02 09:43 200 215.023µs ::1 GET /images/loading.gif Mozilla/5.0 (Macintosh; Intel Mac OS X 10_14_5) AppleWebKit/537.36 (KHTML, like Gecko) Chrome/75.0.3770.142 Safari/537.36
[INFO] 2019/08/02 09:43 200 9.245µs ::1 GET /api/tag_list/kuaiyong Mozilla/5.0 (Macintosh; Intel Mac OS X 10_14_5) AppleWebKit/537.36 (KHTML, like Gecko) Chrome/75.0.3770.142 Safari/537.36
[INFO] 2019/08/02 09:43 200 278.761µs ::1 GET /images/loading.gif Mozilla/5.0 (Macintosh; Intel Mac OS X 10_14_5) AppleWebKit/537.36 (KHTML, like Gecko) Chrome/75.0.3770.142 Safari/537.36
[INFO] 2019/08/02 09:43 200 31.493µs ::1 GET /api/tag_list/kuaiyong Mozilla/5.0 (Macintosh; Intel Mac OS X 10_14_5) AppleWebKit/537.36 (KHTML, like Gecko) Chrome/75.0.3770.142 Safari/537.36
[INFO] 2019/08/02 09:43 200 12.275µs ::1 GET /api/tag_list/kuaiyong Mozilla/5.0 (Macintosh; Intel Mac OS X 10_14_5) AppleWebKit/537.36 (KHTML, like Gecko) Chrome/75.0.3770.142 Safari/537.36
[INFO] 2019/08/02 09:43 200 1.184211ms ::1 GET /images/loading.gif Mozilla/5.0 (Macintosh; Intel Mac OS X 10_14_5) AppleWebKit/537.36 (KHTML, like Gecko) Chrome/75.0.3770.142 Safari/537.36
[INFO] 2019/08/02 09:43 200 339.253µs ::1 GET /images/loading.gif Mozilla/5.0 (Macintosh; Intel Mac OS X 10_14_5) AppleWebKit/537.36 (KHTML, like Gecko) Chrome/75.0.3770.142 Safari/537.36
[INFO] 2019/08/02 09:43 200 13.667µs ::1 GET /api/tag_list/kuaiyong Mozilla/5.0 (Macintosh; Intel Mac OS X 10_14_5) AppleWebKit/537.36 (KHTML, like Gecko) Chrome/75.0.3770.142 Safari/537.36
[INFO] 2019/08/02 09:43 200 18.587µs ::1 GET /api/tag_list/kuaiyong Mozilla/5.0 (Macintosh; Intel Mac OS X 10_14_5) AppleWebKit/537.36 (KHTML, like Gecko) Chrome/75.0.3770.142 Safari/537.36
[INFO] 2019/08/02 09:43 200 685.825µs ::1 GET /images/loading.gif Mozilla/5.0 (Macintosh; Intel Mac OS X 10_14_5) AppleWebKit/537.36 (KHTML, like Gecko) Chrome/75.0.3770.142 Safari/537.36
[INFO] 2019/08/02 09:43 200 12.403µs ::1 GET /api/tag_list/kuaiyong Mozilla/5.0 (Macintosh; Intel Mac OS X 10_14_5) AppleWebKit/537.36 (KHTML, like Gecko) Chrome/75.0.3770.142 Safari/537.36
[INFO] 2019/08/02 09:43 200 774.833µs ::1 GET /images/loading.gif Mozilla/5.0 (Macintosh; Intel Mac OS X 10_14_5) AppleWebKit/537.36 (KHTML, like Gecko) Chrome/75.0.3770.142 Safari/537.36
[INFO] 2019/08/02 09:43 200 248.511µs ::1 GET /images/loading.gif Mozilla/5.0 (Macintosh; Intel Mac OS X 10_14_5) AppleWebKit/537.36 (KHTML, like Gecko) Chrome/75.0.3770.142 Safari/537.36
[INFO] 2019/08/02 09:43 200 12.114µs ::1 GET /api/tag_list/gameweb Mozilla/5.0 (Macintosh; Intel Mac OS X 10_14_5) AppleWebKit/537.36 (KHTML, like Gecko) Chrome/75.0.3770.142 Safari/537.36
[INFO] 2019/08/02 09:43 200 19.849µs ::1 GET /api/tag_list/kuaiyong Mozilla/5.0 (Macintosh; Intel Mac OS X 10_14_5) AppleWebKit/537.36 (KHTML, like Gecko) Chrome/75.0.3770.142 Safari/537.36
[INFO] 2019/08/02 09:43 200 2.916492ms ::1 GET /images/loading.gif Mozilla/5.0 (Macintosh; Intel Mac OS X 10_14_5) AppleWebKit/537.36 (KHTML, like Gecko) Chrome/75.0.3770.142 Safari/537.36
[INFO] 2019/08/02 09:43 200 423.057µs ::1 GET /images/loading.gif Mozilla/5.0 (Macintosh; Intel Mac OS X 10_14_5) AppleWebKit/537.36 (KHTML, like Gecko) Chrome/75.0.3770.142 Safari/537.36
[INFO] 2019/08/02 09:43 200 18.111µs ::1 GET /api/create_tag/kuaiyong/cxfdsfs Mozilla/5.0 (Macintosh; Intel Mac OS X 10_14_5) AppleWebKit/537.36 (KHTML, like Gecko) Chrome/75.0.3770.142 Safari/537.36
[INFO] 2019/08/02 09:43 200 225.743µs ::1 GET /images/loading.gif Mozilla/5.0 (Macintosh; Intel Mac OS X 10_14_5) AppleWebKit/537.36 (KHTML, like Gecko) Chrome/75.0.3770.142 Safari/537.36
[INFO] 2019/08/02 09:43 200 13.128µs ::1 GET /api/deploy/kuaiyong Mozilla/5.0 (Macintosh; Intel Mac OS X 10_14_5) AppleWebKit/537.36 (KHTML, like Gecko) Chrome/75.0.3770.142 Safari/537.36
[INFO] 2019/08/02 09:43 200 252.367µs ::1 GET /images/loading.gif Mozilla/5.0 (Macintosh; Intel Mac OS X 10_14_5) AppleWebKit/537.36 (KHTML, like Gecko) Chrome/75.0.3770.142 Safari/537.36
[INFO] 2019/08/02 09:43 200 39.086µs ::1 GET /api/rollback/kuaiyong Mozilla/5.0 (Macintosh; Intel Mac OS X 10_14_5) AppleWebKit/537.36 (KHTML, like Gecko) Chrome/75.0.3770.142 Safari/537.36
[INFO] 2019/08/02 09:43 301 140.396µs ::1 GET / Mozilla/5.0 (Macintosh; Intel Mac OS X 10_14_5) AppleWebKit/537.36 (KHTML, like Gecko) Chrome/75.0.3770.142 Safari/537.36
[INFO] 2019/08/02 09:43 200 40.14µs ::1 GET /login Mozilla/5.0 (Macintosh; Intel Mac OS X 10_14_5) AppleWebKit/537.36 (KHTML, like Gecko) Chrome/75.0.3770.142 Safari/537.36
[INFO] 2019/08/02 09:43 200 199.173µs ::1 GET /images/loading.gif Mozilla/5.0 (Macintosh; Intel Mac OS X 10_14_5) AppleWebKit/537.36 (KHTML, like Gecko) Chrome/75.0.3770.142 Safari/537.36
[INFO] 2019/08/02 09:43 200 70.018µs ::1 POST /api/login Mozilla/5.0 (Macintosh; Intel Mac OS X 10_14_5) AppleWebKit/537.36 (KHTML, like Gecko) Chrome/75.0.3770.142 Safari/537.36
[INFO] 2019/08/02 09:43 200 1.286859ms ::1 GET /images/loading.gif Mozilla/5.0 (Macintosh; Intel Mac OS X 10_14_5) AppleWebKit/537.36 (KHTML, like Gecko) Chrome/75.0.3770.142 Safari/537.36
[INFO] 2019/08/02 09:43 200 169.922µs ::1 GET / Mozilla/5.0 (Macintosh; Intel Mac OS X 10_14_5) AppleWebKit/537.36 (KHTML, like Gecko) Chrome/75.0.3770.142 Safari/537.36
[INFO] 2019/08/02 09:43 200 9.240182ms ::1 GET /images/loading.gif Mozilla/5.0 (Macintosh; Intel Mac OS X 10_14_5) AppleWebKit/537.36 (KHTML, like Gecko) Chrome/75.0.3770.142 Safari/537.36
[INFO] 2019/08/02 09:43 304 152.632µs ::1 GET /images/loading.gif Mozilla/5.0 (Macintosh; Intel Mac OS X 10_14_5) AppleWebKit/537.36 (KHTML, like Gecko) Chrome/75.0.3770.142 Safari/537.36
[INFO] 2019/08/02 09:43 200 2.491704392s ::1 GET /api/tag_list/kuaiyong Mozilla/5.0 (Macintosh; Intel Mac OS X 10_14_5) AppleWebKit/537.36 (KHTML, like Gecko) Chrome/75.0.3770.142 Safari/537.36
[ERRO] 2019/08/02 09:44 http: Server closed
Now listening on: http://localhost:8081
Application started. Press CMD+C to shut down.
[INFO] 2019/08/02 09:44 301 524.058µs ::1 GET / Mozilla/5.0 (Macintosh; Intel Mac OS X 10_14_5) AppleWebKit/537.36 (KHTML, like Gecko) Chrome/75.0.3770.142 Safari/537.36
[INFO] 2019/08/02 09:44 200 208.868µs ::1 GET /login Mozilla/5.0 (Macintosh; Intel Mac OS X 10_14_5) AppleWebKit/537.36 (KHTML, like Gecko) Chrome/75.0.3770.142 Safari/537.36
[INFO] 2019/08/02 09:44 304 140.899µs ::1 GET /images/loading.gif Mozilla/5.0 (Macintosh; Intel Mac OS X 10_14_5) AppleWebKit/537.36 (KHTML, like Gecko) Chrome/75.0.3770.142 Safari/537.36
[INFO] 2019/08/02 09:47 200 79.791µs ::1 POST /api/login Mozilla/5.0 (Macintosh; Intel Mac OS X 10_14_5) AppleWebKit/537.36 (KHTML, like Gecko) Chrome/75.0.3770.142 Safari/537.36
[INFO] 2019/08/02 09:47 301 57.161µs ::1 GET /login Mozilla/5.0 (Macintosh; Intel Mac OS X 10_14_5) AppleWebKit/537.36 (KHTML, like Gecko) Chrome/75.0.3770.142 Safari/537.36
[INFO] 2019/08/02 09:47 301 69.712µs ::1 GET /login Mozilla/5.0 (Macintosh; Intel Mac OS X 10_14_5) AppleWebKit/537.36 (KHTML, like Gecko) Chrome/75.0.3770.142 Safari/537.36
[INFO] 2019/08/02 09:47 200 83.785µs ::1 GET / Mozilla/5.0 (Macintosh; Intel Mac OS X 10_14_5) AppleWebKit/537.36 (KHTML, like Gecko) Chrome/75.0.3770.142 Safari/537.36
[INFO] 2019/08/02 09:47 304 123.005µs ::1 GET /images/loading.gif Mozilla/5.0 (Macintosh; Intel Mac OS X 10_14_5) AppleWebKit/537.36 (KHTML, like Gecko) Chrome/75.0.3770.142 Safari/537.36
[INFO] 2019/08/02 09:47 200 4.295833525s ::1 GET /api/tag_list/kuaiyong Mozilla/5.0 (Macintosh; Intel Mac OS X 10_14_5) AppleWebKit/537.36 (KHTML, like Gecko) Chrome/75.0.3770.142 Safari/537.36
[INFO] 2019/08/02 09:47 301 65.568µs ::1 GET /logout Mozilla/5.0 (Macintosh; Intel Mac OS X 10_14_5) AppleWebKit/537.36 (KHTML, like Gecko) Chrome/75.0.3770.142 Safari/537.36
[INFO] 2019/08/02 09:47 200 66.24µs ::1 GET /login Mozilla/5.0 (Macintosh; Intel Mac OS X 10_14_5) AppleWebKit/537.36 (KHTML, like Gecko) Chrome/75.0.3770.142 Safari/537.36
[INFO] 2019/08/02 09:47 200 1.666116ms ::1 GET /images/loading.gif Mozilla/5.0 (Macintosh; Intel Mac OS X 10_14_5) AppleWebKit/537.36 (KHTML, like Gecko) Chrome/75.0.3770.142 Safari/537.36
[INFO] 2019/08/02 09:47 200 44.157µs ::1 GET /login Mozilla/5.0 (Macintosh; Intel Mac OS X 10_14_5) AppleWebKit/537.36 (KHTML, like Gecko) Chrome/75.0.3770.142 Safari/537.36
[INFO] 2019/08/02 09:47 200 370.146µs ::1 GET /images/loading.gif Mozilla/5.0 (Macintosh; Intel Mac OS X 10_14_5) AppleWebKit/537.36 (KHTML, like Gecko) Chrome/75.0.3770.142 Safari/537.36
[INFO] 2019/08/02 09:47 200 43.256µs ::1 GET /login Mozilla/5.0 (Macintosh; Intel Mac OS X 10_14_5) AppleWebKit/537.36 (KHTML, like Gecko) Chrome/75.0.3770.142 Safari/537.36
[INFO] 2019/08/02 09:47 200 206.81µs ::1 GET /images/loading.gif Mozilla/5.0 (Macintosh; Intel Mac OS X 10_14_5) AppleWebKit/537.36 (KHTML, like Gecko) Chrome/75.0.3770.142 Safari/537.36
[INFO] 2019/08/02 09:47 200 50.699µs ::1 GET /login Mozilla/5.0 (Macintosh; Intel Mac OS X 10_14_5) AppleWebKit/537.36 (KHTML, like Gecko) Chrome/75.0.3770.142 Safari/537.36
[INFO] 2019/08/02 09:47 200 349.894µs ::1 GET /images/loading.gif Mozilla/5.0 (Macintosh; Intel Mac OS X 10_14_5) AppleWebKit/537.36 (KHTML, like Gecko) Chrome/75.0.3770.142 Safari/537.36
[INFO] 2019/08/02 09:53 200 140.468µs ::1 POST /api/login Mozilla/5.0 (Macintosh; Intel Mac OS X 10_14_5) AppleWebKit/537.36 (KHTML, like Gecko) Chrome/75.0.3770.142 Safari/537.36
[INFO] 2019/08/02 09:53 200 5.402318ms ::1 GET /images/loading.gif Mozilla/5.0 (Macintosh; Intel Mac OS X 10_14_5) AppleWebKit/537.36 (KHTML, like Gecko) Chrome/75.0.3770.142 Safari/537.36
[INFO] 2019/08/02 09:53 200 130.888µs ::1 GET / Mozilla/5.0 (Macintosh; Intel Mac OS X 10_14_5) AppleWebKit/537.36 (KHTML, like Gecko) Chrome/75.0.3770.142 Safari/537.36
[INFO] 2019/08/02 09:53 200 10.643946ms ::1 GET /images/loading.gif Mozilla/5.0 (Macintosh; Intel Mac OS X 10_14_5) AppleWebKit/537.36 (KHTML, like Gecko) Chrome/75.0.3770.142 Safari/537.36
[INFO] 2019/08/02 09:53 304 155.917µs ::1 GET /images/loading.gif Mozilla/5.0 (Macintosh; Intel Mac OS X 10_14_5) AppleWebKit/537.36 (KHTML, like Gecko) Chrome/75.0.3770.142 Safari/537.36
[INFO] 2019/08/02 09:53 200 3.589635361s ::1 GET /api/tag_list/kuaiyong Mozilla/5.0 (Macintosh; Intel Mac OS X 10_14_5) AppleWebKit/537.36 (KHTML, like Gecko) Chrome/75.0.3770.142 Safari/537.36
[INFO] 2019/08/02 09:54 200 608.482µs ::1 GET / Mozilla/5.0 (Macintosh; Intel Mac OS X 10_14_5) AppleWebKit/537.36 (KHTML, like Gecko) Chrome/75.0.3770.142 Safari/537.36
[INFO] 2019/08/02 09:54 304 1.101296ms ::1 GET /images/loading.gif Mozilla/5.0 (Macintosh; Intel Mac OS X 10_14_5) AppleWebKit/537.36 (KHTML, like Gecko) Chrome/75.0.3770.142 Safari/537.36
[INFO] 2019/08/02 09:54 200 3.847091344s ::1 GET /api/tag_list/kuaiyong Mozilla/5.0 (Macintosh; Intel Mac OS X 10_14_5) AppleWebKit/537.36 (KHTML, like Gecko) Chrome/75.0.3770.142 Safari/537.36
[INFO] 2019/08/02 09:56 200 166.452µs ::1 GET /api/tag_list/kuaiyong Mozilla/5.0 (Macintosh; Intel Mac OS X 10_14_5) AppleWebKit/537.36 (KHTML, like Gecko) Chrome/75.0.3770.142 Safari/537.36
[INFO] 2019/08/02 09:56 200 28.135µs ::1 GET /api/tag_list/kuaiyong Mozilla/5.0 (Macintosh; Intel Mac OS X 10_14_5) AppleWebKit/537.36 (KHTML, like Gecko) Chrome/75.0.3770.142 Safari/537.36
[INFO] 2019/08/02 09:57 200 49.608µs ::1 GET /api/tag_list/kuaiyong Mozilla/5.0 (Macintosh; Intel Mac OS X 10_14_5) AppleWebKit/537.36 (KHTML, like Gecko) Chrome/75.0.3770.142 Safari/537.36
[INFO] 2019/08/02 09:58 200 133.214µs ::1 GET /api/tag_list/kuaiyong Mozilla/5.0 (Macintosh; Intel Mac OS X 10_14_5) AppleWebKit/537.36 (KHTML, like Gecko) Chrome/75.0.3770.142 Safari/537.36
[INFO] 2019/08/02 09:58 200 25.078µs ::1 GET /api/tag_list/kuaiyong Mozilla/5.0 (Macintosh; Intel Mac OS X 10_14_5) AppleWebKit/537.36 (KHTML, like Gecko) Chrome/75.0.3770.142 Safari/537.36
[INFO] 2019/08/02 09:59 200 34.252µs ::1 GET /api/tag_list/kuaiyong Mozilla/5.0 (Macintosh; Intel Mac OS X 10_14_5) AppleWebKit/537.36 (KHTML, like Gecko) Chrome/75.0.3770.142 Safari/537.36
[INFO] 2019/08/02 10:00 200 27.748µs ::1 GET /api/tag_list/kuaiyong Mozilla/5.0 (Macintosh; Intel Mac OS X 10_14_5) AppleWebKit/537.36 (KHTML, like Gecko) Chrome/75.0.3770.142 Safari/537.36
[INFO] 2019/08/02 10:02 200 41.207µs ::1 GET /api/tag_list/kuaiyong Mozilla/5.0 (Macintosh; Intel Mac OS X 10_14_5) AppleWebKit/537.36 (KHTML, like Gecko) Chrome/75.0.3770.142 Safari/537.36
[INFO] 2019/08/02 10:03 200 30.902µs ::1 GET /api/tag_list/kuaiyong Mozilla/5.0 (Macintosh; Intel Mac OS X 10_14_5) AppleWebKit/537.36 (KHTML, like Gecko) Chrome/75.0.3770.142 Safari/537.36
[INFO] 2019/08/02 10:03 200 38.858µs ::1 GET /api/tag_list/kuaiyong Mozilla/5.0 (Macintosh; Intel Mac OS X 10_14_5) AppleWebKit/537.36 (KHTML, like Gecko) Chrome/75.0.3770.142 Safari/537.36
[INFO] 2019/08/02 10:06 200 32.471µs ::1 GET /api/tag_list/kuaiyong Mozilla/5.0 (Macintosh; Intel Mac OS X 10_14_5) AppleWebKit/537.36 (KHTML, like Gecko) Chrome/75.0.3770.142 Safari/537.36
[INFO] 2019/08/02 10:06 200 226.448µs ::1 GET /api/tag_list/kuaiyong Mozilla/5.0 (Macintosh; Intel Mac OS X 10_14_5) AppleWebKit/537.36 (KHTML, like Gecko) Chrome/75.0.3770.142 Safari/537.36
[INFO] 2019/08/02 10:06 200 46.517µs ::1 GET /api/tag_list/kuaiyong Mozilla/5.0 (Macintosh; Intel Mac OS X 10_14_5) AppleWebKit/537.36 (KHTML, like Gecko) Chrome/75.0.3770.142 Safari/537.36
[INFO] 2019/08/02 10:10 200 30.519µs ::1 GET /api/tag_list/kuaiyong Mozilla/5.0 (Macintosh; Intel Mac OS X 10_14_5) AppleWebKit/537.36 (KHTML, like Gecko) Chrome/75.0.3770.142 Safari/537.36
[INFO] 2019/08/02 10:10 200 29.439µs ::1 GET /api/tag_list/kuaiyong Mozilla/5.0 (Macintosh; Intel Mac OS X 10_14_5) AppleWebKit/537.36 (KHTML, like Gecko) Chrome/75.0.3770.142 Safari/537.36
[INFO] 2019/08/02 10:10 200 34.232µs ::1 GET /api/tag_list/kuaiyong Mozilla/5.0 (Macintosh; Intel Mac OS X 10_14_5) AppleWebKit/537.36 (KHTML, like Gecko) Chrome/75.0.3770.142 Safari/537.36
[INFO] 2019/08/02 10:11 200 39.183µs ::1 GET /api/tag_list/kuaiyong Mozilla/5.0 (Macintosh; Intel Mac OS X 10_14_5) AppleWebKit/537.36 (KHTML, like Gecko) Chrome/75.0.3770.142 Safari/537.36
[INFO] 2019/08/02 10:11 200 40.962µs ::1 GET /api/tag_list/kuaiyong Mozilla/5.0 (Macintosh; Intel Mac OS X 10_14_5) AppleWebKit/537.36 (KHTML, like Gecko) Chrome/75.0.3770.142 Safari/537.36
[INFO] 2019/08/02 10:11 200 40.072µs ::1 GET /api/tag_list/kuaiyong Mozilla/5.0 (Macintosh; Intel Mac OS X 10_14_5) AppleWebKit/537.36 (KHTML, like Gecko) Chrome/75.0.3770.142 Safari/537.36
[INFO] 2019/08/02 10:15 200 33.449µs ::1 GET /api/tag_list/kuaiyong Mozilla/5.0 (Macintosh; Intel Mac OS X 10_14_5) AppleWebKit/537.36 (KHTML, like Gecko) Chrome/75.0.3770.142 Safari/537.36
[INFO] 2019/08/02 10:15 200 66.669µs ::1 GET /api/tag_list/kuaiyong Mozilla/5.0 (Macintosh; Intel Mac OS X 10_14_5) AppleWebKit/537.36 (KHTML, like Gecko) Chrome/75.0.3770.142 Safari/537.36
[INFO] 2019/08/02 10:16 200 33.643µs ::1 GET /api/tag_list/kuaiyong Mozilla/5.0 (Macintosh; Intel Mac OS X 10_14_5) AppleWebKit/537.36 (KHTML, like Gecko) Chrome/75.0.3770.142 Safari/537.36
[INFO] 2019/08/02 10:16 200 101.598µs ::1 GET /api/tag_list/kuaiyong Mozilla/5.0 (Macintosh; Intel Mac OS X 10_14_5) AppleWebKit/537.36 (KHTML, like Gecko) Chrome/75.0.3770.142 Safari/537.36
[INFO] 2019/08/02 10:16 200 31.63µs ::1 GET /api/tag_list/kuaiyong Mozilla/5.0 (Macintosh; Intel Mac OS X 10_14_5) AppleWebKit/537.36 (KHTML, like Gecko) Chrome/75.0.3770.142 Safari/537.36
[INFO] 2019/08/02 10:16 200 31.887µs ::1 GET /api/tag_list/kuaiyong Mozilla/5.0 (Macintosh; Intel Mac OS X 10_14_5) AppleWebKit/537.36 (KHTML, like Gecko) Chrome/75.0.3770.142 Safari/537.36
[INFO] 2019/08/02 10:18 200 36.07µs ::1 GET /api/tag_list/kuaiyong Mozilla/5.0 (Macintosh; Intel Mac OS X 10_14_5) AppleWebKit/537.36 (KHTML, like Gecko) Chrome/75.0.3770.142 Safari/537.36
[INFO] 2019/08/02 10:19 200 50.778µs ::1 GET /api/tag_list/kuaiyong Mozilla/5.0 (Macintosh; Intel Mac OS X 10_14_5) AppleWebKit/537.36 (KHTML, like Gecko) Chrome/75.0.3770.142 Safari/537.36
[INFO] 2019/08/02 10:19 200 35.812µs ::1 GET /api/tag_list/kuaiyong Mozilla/5.0 (Macintosh; Intel Mac OS X 10_14_5) AppleWebKit/537.36 (KHTML, like Gecko) Chrome/75.0.3770.142 Safari/537.36
[INFO] 2019/08/02 10:19 200 38.419µs ::1 GET /api/tag_list/kuaiyong Mozilla/5.0 (Macintosh; Intel Mac OS X 10_14_5) AppleWebKit/537.36 (KHTML, like Gecko) Chrome/75.0.3770.142 Safari/537.36
[INFO] 2019/08/02 10:19 200 33.94µs ::1 GET /api/tag_list/kuaiyong Mozilla/5.0 (Macintosh; Intel Mac OS X 10_14_5) AppleWebKit/537.36 (KHTML, like Gecko) Chrome/75.0.3770.142 Safari/537.36
[INFO] 2019/08/02 10:20 200 30.579µs ::1 GET /api/tag_list/kuaiyong Mozilla/5.0 (Macintosh; Intel Mac OS X 10_14_5) AppleWebKit/537.36 (KHTML, like Gecko) Chrome/75.0.3770.142 Safari/537.36
[INFO] 2019/08/02 10:20 200 46.372µs ::1 GET /api/tag_list/kuaiyong Mozilla/5.0 (Macintosh; Intel Mac OS X 10_14_5) AppleWebKit/537.36 (KHTML, like Gecko) Chrome/75.0.3770.142 Safari/537.36
[INFO] 2019/08/02 10:21 200 30.229µs ::1 GET /api/tag_list/kuaiyong Mozilla/5.0 (Macintosh; Intel Mac OS X 10_14_5) AppleWebKit/537.36 (KHTML, like Gecko) Chrome/75.0.3770.142 Safari/537.36
[INFO] 2019/08/02 10:21 200 42.984µs ::1 GET /api/tag_list/kuaiyong Mozilla/5.0 (Macintosh; Intel Mac OS X 10_14_5) AppleWebKit/537.36 (KHTML, like Gecko) Chrome/75.0.3770.142 Safari/537.36
[INFO] 2019/08/02 10:21 200 35.802µs ::1 GET /api/tag_list/kuaiyong Mozilla/5.0 (Macintosh; Intel Mac OS X 10_14_5) AppleWebKit/537.36 (KHTML, like Gecko) Chrome/75.0.3770.142 Safari/537.36
[INFO] 2019/08/02 10:22 200 53.621µs ::1 GET /api/tag_list/kuaiyong Mozilla/5.0 (Macintosh; Intel Mac OS X 10_14_5) AppleWebKit/537.36 (KHTML, like Gecko) Chrome/75.0.3770.142 Safari/537.36
[INFO] 2019/08/02 10:22 200 129.715µs ::1 GET /api/tag_list/kuaiyong Mozilla/5.0 (Macintosh; Intel Mac OS X 10_14_5) AppleWebKit/537.36 (KHTML, like Gecko) Chrome/75.0.3770.142 Safari/537.36
[INFO] 2019/08/02 10:22 200 30.498µs ::1 GET /api/tag_list/kuaiyong Mozilla/5.0 (Macintosh; Intel Mac OS X 10_14_5) AppleWebKit/537.36 (KHTML, like Gecko) Chrome/75.0.3770.142 Safari/537.36
[INFO] 2019/08/02 10:23 200 34.227µs ::1 GET /api/tag_list/kuaiyong Mozilla/5.0 (Macintosh; Intel Mac OS X 10_14_5) AppleWebKit/537.36 (KHTML, like Gecko) Chrome/75.0.3770.142 Safari/537.36
[INFO] 2019/08/02 10:23 200 34.369µs ::1 GET /api/tag_list/kuaiyong Mozilla/5.0 (Macintosh; Intel Mac OS X 10_14_5) AppleWebKit/537.36 (KHTML, like Gecko) Chrome/75.0.3770.142 Safari/537.36
[INFO] 2019/08/02 10:24 200 36.862µs ::1 GET /api/tag_list/kuaiyong Mozilla/5.0 (Macintosh; Intel Mac OS X 10_14_5) AppleWebKit/537.36 (KHTML, like Gecko) Chrome/75.0.3770.142 Safari/537.36
[INFO] 2019/08/02 10:24 200 36.928µs ::1 GET /api/tag_list/kuaiyong Mozilla/5.0 (Macintosh; Intel Mac OS X 10_14_5) AppleWebKit/537.36 (KHTML, like Gecko) Chrome/75.0.3770.142 Safari/537.36
[INFO] 2019/08/02 10:24 200 33.953µs ::1 GET /api/tag_list/kuaiyong Mozilla/5.0 (Macintosh; Intel Mac OS X 10_14_5) AppleWebKit/537.36 (KHTML, like Gecko) Chrome/75.0.3770.142 Safari/537.36
[INFO] 2019/08/02 10:25 200 36.926µs ::1 GET /api/tag_list/kuaiyong Mozilla/5.0 (Macintosh; Intel Mac OS X 10_14_5) AppleWebKit/537.36 (KHTML, like Gecko) Chrome/75.0.3770.142 Safari/537.36
[INFO] 2019/08/02 10:26 200 32.405µs ::1 GET /api/tag_list/kuaiyong Mozilla/5.0 (Macintosh; Intel Mac OS X 10_14_5) AppleWebKit/537.36 (KHTML, like Gecko) Chrome/75.0.3770.142 Safari/537.36
[INFO] 2019/08/02 10:27 200 262.258µs ::1 GET /api/tag_list/kuaiyong Mozilla/5.0 (Macintosh; Intel Mac OS X 10_14_5) AppleWebKit/537.36 (KHTML, like Gecko) Chrome/75.0.3770.142 Safari/537.36
[INFO] 2019/08/02 10:27 200 30.406µs ::1 GET /api/tag_list/kuaiyong Mozilla/5.0 (Macintosh; Intel Mac OS X 10_14_5) AppleWebKit/537.36 (KHTML, like Gecko) Chrome/75.0.3770.142 Safari/537.36
[INFO] 2019/08/02 10:28 200 35.636µs ::1 GET /api/tag_list/kuaiyong Mozilla/5.0 (Macintosh; Intel Mac OS X 10_14_5) AppleWebKit/537.36 (KHTML, like Gecko) Chrome/75.0.3770.142 Safari/537.36
[INFO] 2019/08/02 10:29 200 26.87µs ::1 GET /api/tag_list/kuaiyong Mozilla/5.0 (Macintosh; Intel Mac OS X 10_14_5) AppleWebKit/537.36 (KHTML, like Gecko) Chrome/75.0.3770.142 Safari/537.36
[INFO] 2019/08/02 10:30 200 32.31µs ::1 GET /api/tag_list/kuaiyong Mozilla/5.0 (Macintosh; Intel Mac OS X 10_14_5) AppleWebKit/537.36 (KHTML, like Gecko) Chrome/75.0.3770.142 Safari/537.36
[INFO] 2019/08/02 10:30 200 29.814µs ::1 GET /api/tag_list/kuaiyong Mozilla/5.0 (Macintosh; Intel Mac OS X 10_14_5) AppleWebKit/537.36 (KHTML, like Gecko) Chrome/75.0.3770.142 Safari/537.36
[INFO] 2019/08/02 10:30 200 34.155µs ::1 GET /api/tag_list/kuaiyong Mozilla/5.0 (Macintosh; Intel Mac OS X 10_14_5) AppleWebKit/537.36 (KHTML, like Gecko) Chrome/75.0.3770.142 Safari/537.36
[INFO] 2019/08/02 10:31 200 36.535µs ::1 GET /api/tag_list/kuaiyong Mozilla/5.0 (Macintosh; Intel Mac OS X 10_14_5) AppleWebKit/537.36 (KHTML, like Gecko) Chrome/75.0.3770.142 Safari/537.36
[INFO] 2019/08/02 10:32 200 33.634µs ::1 GET /api/tag_list/kuaiyong Mozilla/5.0 (Macintosh; Intel Mac OS X 10_14_5) AppleWebKit/537.36 (KHTML, like Gecko) Chrome/75.0.3770.142 Safari/537.36
[INFO] 2019/08/02 10:32 200 56.525µs ::1 GET /api/tag_list/kuaiyong Mozilla/5.0 (Macintosh; Intel Mac OS X 10_14_5) AppleWebKit/537.36 (KHTML, like Gecko) Chrome/75.0.3770.142 Safari/537.36
[INFO] 2019/08/02 10:34 200 32.29µs ::1 GET /api/tag_list/kuaiyong Mozilla/5.0 (Macintosh; Intel Mac OS X 10_14_5) AppleWebKit/537.36 (KHTML, like Gecko) Chrome/75.0.3770.142 Safari/537.36
[INFO] 2019/08/02 10:34 200 33.092µs ::1 GET /api/tag_list/kuaiyong Mozilla/5.0 (Macintosh; Intel Mac OS X 10_14_5) AppleWebKit/537.36 (KHTML, like Gecko) Chrome/75.0.3770.142 Safari/537.36
[INFO] 2019/08/02 10:36 200 36.169µs ::1 GET /api/tag_list/kuaiyong Mozilla/5.0 (Macintosh; Intel Mac OS X 10_14_5) AppleWebKit/537.36 (KHTML, like Gecko) Chrome/75.0.3770.142 Safari/537.36
[INFO] 2019/08/02 10:36 200 33.184µs ::1 GET /api/tag_list/kuaiyong Mozilla/5.0 (Macintosh; Intel Mac OS X 10_14_5) AppleWebKit/537.36 (KHTML, like Gecko) Chrome/75.0.3770.142 Safari/537.36
[ERRO] 2019/08/02 10:37 http: Server closed
Now listening on: http://localhost:8081
Application started. Press CMD+C to shut down.
[INFO] 2019/08/02 10:37 301 1.12875ms ::1 GET / Mozilla/5.0 (Macintosh; Intel Mac OS X 10_14_5) AppleWebKit/537.36 (KHTML, like Gecko) Chrome/75.0.3770.142 Safari/537.36
[INFO] 2019/08/02 10:37 200 565.498µs ::1 GET /login Mozilla/5.0 (Macintosh; Intel Mac OS X 10_14_5) AppleWebKit/537.36 (KHTML, like Gecko) Chrome/75.0.3770.142 Safari/537.36
[INFO] 2019/08/02 10:37 304 144.138µs ::1 GET /images/loading.gif Mozilla/5.0 (Macintosh; Intel Mac OS X 10_14_5) AppleWebKit/537.36 (KHTML, like Gecko) Chrome/75.0.3770.142 Safari/537.36
[INFO] 2019/08/02 10:37 200 46.803µs ::1 GET /login Mozilla/5.0 (Macintosh; Intel Mac OS X 10_14_5) AppleWebKit/537.36 (KHTML, like Gecko) Chrome/75.0.3770.142 Safari/537.36
[INFO] 2019/08/02 10:37 304 102.349µs ::1 GET /images/loading.gif Mozilla/5.0 (Macintosh; Intel Mac OS X 10_14_5) AppleWebKit/537.36 (KHTML, like Gecko) Chrome/75.0.3770.142 Safari/537.36
[INFO] 2019/08/02 10:38 304 178.087µs ::1 GET /images/loading.gif Mozilla/5.0 (Macintosh; Intel Mac OS X 10_14_5) AppleWebKit/537.36 (KHTML, like Gecko) Chrome/75.0.3770.142 Safari/537.36
[INFO] 2019/08/02 10:38 304 144.463µs ::1 GET /images/loading.gif Mozilla/5.0 (Macintosh; Intel Mac OS X 10_14_5) AppleWebKit/537.36 (KHTML, like Gecko) Chrome/75.0.3770.142 Safari/537.36
[INFO] 2019/08/02 10:38 200 107.171µs ::1 POST /api/login Mozilla/5.0 (Macintosh; Intel Mac OS X 10_14_5) AppleWebKit/537.36 (KHTML, like Gecko) Chrome/75.0.3770.142 Safari/537.36
[INFO] 2019/08/02 10:38 200 3.306744ms ::1 GET /images/loading.gif Mozilla/5.0 (Macintosh; Intel Mac OS X 10_14_5) AppleWebKit/537.36 (KHTML, like Gecko) Chrome/75.0.3770.142 Safari/537.36
[INFO] 2019/08/02 10:38 200 1.67849ms ::1 GET / Mozilla/5.0 (Macintosh; Intel Mac OS X 10_14_5) AppleWebKit/537.36 (KHTML, like Gecko) Chrome/75.0.3770.142 Safari/537.36
[INFO] 2019/08/02 10:38 200 215.801µs ::1 GET /images/loading.gif Mozilla/5.0 (Macintosh; Intel Mac OS X 10_14_5) AppleWebKit/537.36 (KHTML, like Gecko) Chrome/75.0.3770.142 Safari/537.36
[INFO] 2019/08/02 10:38 200 4.299929986s ::1 GET /api/tag_list/kuaiyong Mozilla/5.0 (Macintosh; Intel Mac OS X 10_14_5) AppleWebKit/537.36 (KHTML, like Gecko) Chrome/75.0.3770.142 Safari/537.36
[ERRO] 2019/08/02 10:40 http: Server closed
Now listening on: http://localhost:8081
Application started. Press CMD+C to shut down.
[INFO] 2019/08/02 10:40 301 678.731µs ::1 GET / Mozilla/5.0 (Macintosh; Intel Mac OS X 10_14_5) AppleWebKit/537.36 (KHTML, like Gecko) Chrome/75.0.3770.142 Safari/537.36
[INFO] 2019/08/02 10:40 200 249.054µs ::1 GET /login Mozilla/5.0 (Macintosh; Intel Mac OS X 10_14_5) AppleWebKit/537.36 (KHTML, like Gecko) Chrome/75.0.3770.142 Safari/537.36
[INFO] 2019/08/02 10:40 304 145.381µs ::1 GET /images/loading.gif Mozilla/5.0 (Macintosh; Intel Mac OS X 10_14_5) AppleWebKit/537.36 (KHTML, like Gecko) Chrome/75.0.3770.142 Safari/537.36
[INFO] 2019/08/02 10:40 200 49.888µs ::1 GET /login Mozilla/5.0 (Macintosh; Intel Mac OS X 10_14_5) AppleWebKit/537.36 (KHTML, like Gecko) Chrome/75.0.3770.142 Safari/537.36
[INFO] 2019/08/02 10:40 304 3.939654ms ::1 GET /images/loading.gif Mozilla/5.0 (Macintosh; Intel Mac OS X 10_14_5) AppleWebKit/537.36 (KHTML, like Gecko) Chrome/75.0.3770.142 Safari/537.36
[INFO] 2019/08/02 10:40 200 70.592µs ::1 POST /api/login Mozilla/5.0 (Macintosh; Intel Mac OS X 10_14_5) AppleWebKit/537.36 (KHTML, like Gecko) Chrome/75.0.3770.142 Safari/537.36
[INFO] 2019/08/02 10:40 301 57.499µs ::1 GET /login Mozilla/5.0 (Macintosh; Intel Mac OS X 10_14_5) AppleWebKit/537.36 (KHTML, like Gecko) Chrome/75.0.3770.142 Safari/537.36
[INFO] 2019/08/02 10:40 301 100.235µs ::1 GET /login Mozilla/5.0 (Macintosh; Intel Mac OS X 10_14_5) AppleWebKit/537.36 (KHTML, like Gecko) Chrome/75.0.3770.142 Safari/537.36
[INFO] 2019/08/02 10:40 200 129.424µs ::1 GET / Mozilla/5.0 (Macintosh; Intel Mac OS X 10_14_5) AppleWebKit/537.36 (KHTML, like Gecko) Chrome/75.0.3770.142 Safari/537.36
[INFO] 2019/08/02 10:40 304 117.842µs ::1 GET /images/loading.gif Mozilla/5.0 (Macintosh; Intel Mac OS X 10_14_5) AppleWebKit/537.36 (KHTML, like Gecko) Chrome/75.0.3770.142 Safari/537.36
[INFO] 2019/08/02 10:41 200 3.059472888s ::1 GET /api/tag_list/kuaiyong Mozilla/5.0 (Macintosh; Intel Mac OS X 10_14_5) AppleWebKit/537.36 (KHTML, like Gecko) Chrome/75.0.3770.142 Safari/537.36
[INFO] 2019/08/02 10:42 200 531.338µs ::1 GET / Mozilla/5.0 (Macintosh; Intel Mac OS X 10_14_5) AppleWebKit/537.36 (KHTML, like Gecko) Chrome/75.0.3770.142 Safari/537.36
[INFO] 2019/08/02 10:42 304 522.894µs ::1 GET /images/loading.gif Mozilla/5.0 (Macintosh; Intel Mac OS X 10_14_5) AppleWebKit/537.36 (KHTML, like Gecko) Chrome/75.0.3770.142 Safari/537.36
[INFO] 2019/08/02 10:42 200 143.532µs ::1 GET / Mozilla/5.0 (Macintosh; Intel Mac OS X 10_14_5) AppleWebKit/537.36 (KHTML, like Gecko) Chrome/75.0.3770.142 Safari/537.36
[INFO] 2019/08/02 10:42 304 2.786908ms ::1 GET /images/loading.gif Mozilla/5.0 (Macintosh; Intel Mac OS X 10_14_5) AppleWebKit/537.36 (KHTML, like Gecko) Chrome/75.0.3770.142 Safari/537.36
[INFO] 2019/08/02 10:42 200 3.229178246s ::1 GET /api/tag_list/kuaiyong Mozilla/5.0 (Macintosh; Intel Mac OS X 10_14_5) AppleWebKit/537.36 (KHTML, like Gecko) Chrome/75.0.3770.142 Safari/537.36
[INFO] 2019/08/02 10:42 200 2.316247951s ::1 GET /api/tag_list/kuaiyong Mozilla/5.0 (Macintosh; Intel Mac OS X 10_14_5) AppleWebKit/537.36 (KHTML, like Gecko) Chrome/75.0.3770.142 Safari/537.36
[INFO] 2019/08/02 10:42 200 187.147µs ::1 GET / Mozilla/5.0 (Macintosh; Intel Mac OS X 10_14_5) AppleWebKit/537.36 (KHTML, like Gecko) Chrome/75.0.3770.142 Safari/537.36
[INFO] 2019/08/02 10:42 304 376.461µs ::1 GET /images/loading.gif Mozilla/5.0 (Macintosh; Intel Mac OS X 10_14_5) AppleWebKit/537.36 (KHTML, like Gecko) Chrome/75.0.3770.142 Safari/537.36
[INFO] 2019/08/02 10:42 200 2.584090569s ::1 GET /api/tag_list/kuaiyong Mozilla/5.0 (Macintosh; Intel Mac OS X 10_14_5) AppleWebKit/537.36 (KHTML, like Gecko) Chrome/75.0.3770.142 Safari/537.36
[INFO] 2019/08/02 10:42 301 58.78µs ::1 GET /logout Mozilla/5.0 (Macintosh; Intel Mac OS X 10_14_5) AppleWebKit/537.36 (KHTML, like Gecko) Chrome/75.0.3770.142 Safari/537.36
[INFO] 2019/08/02 10:42 200 99.2µs ::1 GET /login Mozilla/5.0 (Macintosh; Intel Mac OS X 10_14_5) AppleWebKit/537.36 (KHTML, like Gecko) Chrome/75.0.3770.142 Safari/537.36
[INFO] 2019/08/02 10:42 200 2.12908ms ::1 GET /images/loading.gif Mozilla/5.0 (Macintosh; Intel Mac OS X 10_14_5) AppleWebKit/537.36 (KHTML, like Gecko) Chrome/75.0.3770.142 Safari/537.36
[INFO] 2019/08/02 10:42 200 54.463µs ::1 GET /login Mozilla/5.0 (Macintosh; Intel Mac OS X 10_14_5) AppleWebKit/537.36 (KHTML, like Gecko) Chrome/75.0.3770.142 Safari/537.36
[INFO] 2019/08/02 10:42 200 233.546µs ::1 GET /images/loading.gif Mozilla/5.0 (Macintosh; Intel Mac OS X 10_14_5) AppleWebKit/537.36 (KHTML, like Gecko) Chrome/75.0.3770.142 Safari/537.36
[INFO] 2019/08/02 10:42 200 88.257µs ::1 POST /api/login Mozilla/5.0 (Macintosh; Intel Mac OS X 10_14_5) AppleWebKit/537.36 (KHTML, like Gecko) Chrome/75.0.3770.142 Safari/537.36
[INFO] 2019/08/02 10:42 200 305.414µs ::1 GET /images/loading.gif Mozilla/5.0 (Macintosh; Intel Mac OS X 10_14_5) AppleWebKit/537.36 (KHTML, like Gecko) Chrome/75.0.3770.142 Safari/537.36
[INFO] 2019/08/02 10:42 200 170.586µs ::1 GET / Mozilla/5.0 (Macintosh; Intel Mac OS X 10_14_5) AppleWebKit/537.36 (KHTML, like Gecko) Chrome/75.0.3770.142 Safari/537.36
[INFO] 2019/08/02 10:42 200 2.277809ms ::1 GET /images/loading.gif Mozilla/5.0 (Macintosh; Intel Mac OS X 10_14_5) AppleWebKit/537.36 (KHTML, like Gecko) Chrome/75.0.3770.142 Safari/537.36
[INFO] 2019/08/02 10:42 304 154.659µs ::1 GET /images/loading.gif Mozilla/5.0 (Macintosh; Intel Mac OS X 10_14_5) AppleWebKit/537.36 (KHTML, like Gecko) Chrome/75.0.3770.142 Safari/537.36
[INFO] 2019/08/02 10:42 200 3.561298068s ::1 GET /api/tag_list/kuaiyong Mozilla/5.0 (Macintosh; Intel Mac OS X 10_14_5) AppleWebKit/537.36 (KHTML, like Gecko) Chrome/75.0.3770.142 Safari/537.36
[INFO] 2019/08/02 10:42 301 90.819µs ::1 GET /logout Mozilla/5.0 (Macintosh; Intel Mac OS X 10_14_5) AppleWebKit/537.36 (KHTML, like Gecko) Chrome/75.0.3770.142 Safari/537.36
[INFO] 2019/08/02 10:42 200 60.318µs ::1 GET /login Mozilla/5.0 (Macintosh; Intel Mac OS X 10_14_5) AppleWebKit/537.36 (KHTML, like Gecko) Chrome/75.0.3770.142 Safari/537.36
[INFO] 2019/08/02 10:42 200 575.733µs ::1 GET /images/loading.gif Mozilla/5.0 (Macintosh; Intel Mac OS X 10_14_5) AppleWebKit/537.36 (KHTML, like Gecko) Chrome/75.0.3770.142 Safari/537.36
[INFO] 2019/08/02 10:43 301 258.862µs ::1 GET / Mozilla/5.0 (Macintosh; Intel Mac OS X 10_14_5) AppleWebKit/537.36 (KHTML, like Gecko) Chrome/75.0.3770.142 Safari/537.36
[INFO] 2019/08/02 10:43 200 130.4µs ::1 GET /login Mozilla/5.0 (Macintosh; Intel Mac OS X 10_14_5) AppleWebKit/537.36 (KHTML, like Gecko) Chrome/75.0.3770.142 Safari/537.36
[INFO] 2019/08/02 10:43 304 218.785µs ::1 GET /images/loading.gif Mozilla/5.0 (Macintosh; Intel Mac OS X 10_14_5) AppleWebKit/537.36 (KHTML, like Gecko) Chrome/75.0.3770.142 Safari/537.36
[INFO] 2019/08/02 10:43 200 247.413µs ::1 POST /api/login Mozilla/5.0 (Macintosh; Intel Mac OS X 10_14_5) AppleWebKit/537.36 (KHTML, like Gecko) Chrome/75.0.3770.142 Safari/537.36
[INFO] 2019/08/02 10:43 301 52.831µs ::1 GET /login Mozilla/5.0 (Macintosh; Intel Mac OS X 10_14_5) AppleWebKit/537.36 (KHTML, like Gecko) Chrome/75.0.3770.142 Safari/537.36
[INFO] 2019/08/02 10:43 301 89.092µs ::1 GET /login Mozilla/5.0 (Macintosh; Intel Mac OS X 10_14_5) AppleWebKit/537.36 (KHTML, like Gecko) Chrome/75.0.3770.142 Safari/537.36
[INFO] 2019/08/02 10:43 200 145.394µs ::1 GET / Mozilla/5.0 (Macintosh; Intel Mac OS X 10_14_5) AppleWebKit/537.36 (KHTML, like Gecko) Chrome/75.0.3770.142 Safari/537.36
[INFO] 2019/08/02 10:43 304 2.378534ms ::1 GET /images/loading.gif Mozilla/5.0 (Macintosh; Intel Mac OS X 10_14_5) AppleWebKit/537.36 (KHTML, like Gecko) Chrome/75.0.3770.142 Safari/537.36
[INFO] 2019/08/02 10:43 200 3.924339641s ::1 GET /api/tag_list/kuaiyong Mozilla/5.0 (Macintosh; Intel Mac OS X 10_14_5) AppleWebKit/537.36 (KHTML, like Gecko) Chrome/75.0.3770.142 Safari/537.36
[ERRO] 2019/08/02 13:41 http: Server closed
